

================================================================
== Vitis HLS Report for 'Top_Kernel'
================================================================
* Date:           Wed Jun 14 11:16:16 2023

* Version:        2022.1 (Build 3526262 on Mon Apr 18 15:47:01 MDT 2022)
* Project:        Top_Kernel
* Solution:       solution (Vitis Kernel Flow Target)
* Product family: virtexuplus
* Target device:  xcu50-fsvh2104-2-e


================================================================
== Performance Estimates
================================================================
+ Timing: 
    * Summary: 
    +--------+---------+----------+------------+
    |  Clock |  Target | Estimated| Uncertainty|
    +--------+---------+----------+------------+
    |ap_clk  |  3.33 ns|  2.433 ns|     0.90 ns|
    +--------+---------+----------+------------+

+ Latency: 
    * Summary: 
    +---------+---------+----------+----------+-------+--------+---------+
    |  Latency (cycles) |  Latency (absolute) |    Interval    | Pipeline|
    |   min   |   max   |    min   |    max   |  min  |   max  |   Type  |
    +---------+---------+----------+----------+-------+--------+---------+
    |    44384|   645516|  0.148 ms|  2.152 ms|  44385|  645517|       no|
    +---------+---------+----------+----------+-------+--------+---------+

    + Detail: 
        * Instance: 
        +-----------------------------------------------------------------------------+------------------------------------------------------------------+---------+---------+-----------+-----------+-------+--------+---------+
        |                                                                             |                                                                  |  Latency (cycles) |   Latency (absolute)  |    Interval    | Pipeline|
        |                                   Instance                                  |                              Module                              |   min   |   max   |    min    |    max    |  min  |   max  |   Type  |
        +-----------------------------------------------------------------------------+------------------------------------------------------------------+---------+---------+-----------+-----------+-------+--------+---------+
        |grp_Top_Kernel_Pipeline_VITIS_LOOP_54_1_fu_147                               |Top_Kernel_Pipeline_VITIS_LOOP_54_1                               |     1003|     1003|   3.343 us|   3.343 us|   1003|    1003|       no|
        |grp_qrf_alt_false_100_10_my_qrf_traits_complex_float_complex_float_s_fu_156  |qrf_alt_false_100_10_my_qrf_traits_complex_float_complex_float_s  |    32124|   633256|   0.107 ms|   2.111 ms|  32124|  633256|       no|
        |grp_qrf_transpose_fu_174                                                     |qrf_transpose                                                     |    11008|    11008|  36.690 us|  36.690 us|  11008|   11008|       no|
        |grp_Top_Kernel_Pipeline_VITIS_LOOP_152_1_VITIS_LOOP_153_2_fu_186             |Top_Kernel_Pipeline_VITIS_LOOP_152_1_VITIS_LOOP_153_2             |      103|      103|   0.343 us|   0.343 us|    103|     103|       no|
        +-----------------------------------------------------------------------------+------------------------------------------------------------------+---------+---------+-----------+-----------+-------+--------+---------+

        * Loop: 
        N/A



================================================================
== Utilization Estimates
================================================================
* Summary: 
+---------------------+---------+------+---------+--------+-----+
|         Name        | BRAM_18K|  DSP |    FF   |   LUT  | URAM|
+---------------------+---------+------+---------+--------+-----+
|DSP                  |        -|     -|        -|       -|    -|
|Expression           |        -|     -|        0|       2|    -|
|FIFO                 |        -|     -|      399|     219|    -|
|Instance             |       39|    56|    29367|   20541|    0|
|Memory               |        0|     -|       64|     130|    0|
|Multiplexer          |        -|     -|        -|    1060|    -|
|Register             |        -|     -|      273|       -|    -|
+---------------------+---------+------+---------+--------+-----+
|Total                |       39|    56|    30103|   21952|    0|
+---------------------+---------+------+---------+--------+-----+
|Available SLR        |     1344|  2976|   871680|  435840|  320|
+---------------------+---------+------+---------+--------+-----+
|Utilization SLR (%)  |        2|     1|        3|       5|    0|
+---------------------+---------+------+---------+--------+-----+
|Available            |     2688|  5952|  1743360|  871680|  640|
+---------------------+---------+------+---------+--------+-----+
|Utilization (%)      |        1|    ~0|        1|       2|    0|
+---------------------+---------+------+---------+--------+-----+

+ Detail: 
    * Instance: 
    +-----------------------------------------------------------------------------+------------------------------------------------------------------+---------+----+-------+------+-----+
    |                                   Instance                                  |                              Module                              | BRAM_18K| DSP|   FF  |  LUT | URAM|
    +-----------------------------------------------------------------------------+------------------------------------------------------------------+---------+----+-------+------+-----+
    |grp_Top_Kernel_Pipeline_VITIS_LOOP_152_1_VITIS_LOOP_153_2_fu_186             |Top_Kernel_Pipeline_VITIS_LOOP_152_1_VITIS_LOOP_153_2             |        0|   0|    216|   319|    0|
    |grp_Top_Kernel_Pipeline_VITIS_LOOP_54_1_fu_147                               |Top_Kernel_Pipeline_VITIS_LOOP_54_1                               |        0|   0|    979|   121|    0|
    |control_s_axi_U                                                              |control_s_axi                                                     |        0|   0|    176|   296|    0|
    |gmem0_m_axi_U                                                                |gmem0_m_axi                                                       |        0|   0|   4567|  8001|    0|
    |gmem_m_axi_U                                                                 |gmem_m_axi                                                        |        0|   0|   1445|  2615|    0|
    |grp_qrf_alt_false_100_10_my_qrf_traits_complex_float_complex_float_s_fu_156  |qrf_alt_false_100_10_my_qrf_traits_complex_float_complex_float_s  |       39|  56|  21905|  8738|    0|
    |grp_qrf_transpose_fu_174                                                     |qrf_transpose                                                     |        0|   0|     79|   451|    0|
    +-----------------------------------------------------------------------------+------------------------------------------------------------------+---------+----+-------+------+-----+
    |Total                                                                        |                                                                  |       39|  56|  29367| 20541|    0|
    +-----------------------------------------------------------------------------+------------------------------------------------------------------+---------+----+-------+------+-----+

    * DSP: 
    N/A

    * Memory: 
    +--------------------------+--------------------------------------+---------+----+----+-----+------+-----+------+-------------+
    |          Memory          |                Module                | BRAM_18K| FF | LUT| URAM| Words| Bits| Banks| W*Bits*Banks|
    +--------------------------+--------------------------------------+---------+----+----+-----+------+-----+------+-------------+
    |matrixR_trans_conj_0_i_U  |matrixR_trans_conj_0_i_RAM_AUTO_1R1W  |        0|  32|  65|    0|   100|   32|     1|         3200|
    |matrixR_trans_conj_1_i_U  |matrixR_trans_conj_0_i_RAM_AUTO_1R1W  |        0|  32|  65|    0|   100|   32|     1|         3200|
    +--------------------------+--------------------------------------+---------+----+----+-----+------+-----+------+-------------+
    |Total                     |                                      |        0|  64| 130|    0|   200|   64|     2|         6400|
    +--------------------------+--------------------------------------+---------+----+----+-----+------+-----+------+-------------+

    * FIFO: 
    +--------------------+---------+-----+----+-----+------+-----+---------+
    |        Name        | BRAM_18K|  FF | LUT| URAM| Depth| Bits| Size:D*B|
    +--------------------+---------+-----+----+-----+------+-----+---------+
    |matrixAStrm_fifo_U  |        0|  133|   0|    -|     2|   64|      128|
    |matrixQStrm_fifo_U  |        0|  133|   0|    -|     2|   64|      128|
    |matrixRStrm_fifo_U  |        0|  133|   0|    -|     2|   64|      128|
    +--------------------+---------+-----+----+-----+------+-----+---------+
    |Total               |        0|  399|   0|    0|     6|  192|      384|
    +--------------------+---------+-----+----+-----+------+-----+---------+

    * Expression: 
    +-----------------+----------+----+---+----+------------+------------+
    |  Variable Name  | Operation| DSP| FF| LUT| Bitwidth P0| Bitwidth P1|
    +-----------------+----------+----+---+----+------------+------------+
    |ap_block_state1  |        or|   0|  0|   2|           1|           1|
    +-----------------+----------+----+---+----+------------+------------+
    |Total            |          |   0|  0|   2|           1|           1|
    +-----------------+----------+----+---+----+------------+------------+

    * Multiplexer: 
    +---------------------------------+-----+-----------+-----+-----------+
    |               Name              | LUT | Input Size| Bits| Total Bits|
    +---------------------------------+-----+-----------+-----+-----------+
    |ap_NS_fsm                        |  780|        148|    1|        148|
    |ap_done                          |    9|          2|    1|          2|
    |gmem0_ARADDR                     |   14|          3|   64|        192|
    |gmem0_ARLEN                      |   14|          3|   32|         96|
    |gmem0_ARVALID                    |   14|          3|    1|          3|
    |gmem0_RREADY                     |    9|          2|    1|          2|
    |gmem0_blk_n_AR                   |    9|          2|    1|          2|
    |gmem_AWADDR                      |   14|          3|   64|        192|
    |gmem_AWLEN                       |   14|          3|   32|         96|
    |gmem_AWVALID                     |   14|          3|    1|          3|
    |gmem_BREADY                      |   14|          3|    1|          3|
    |gmem_WVALID                      |    9|          2|    1|          2|
    |gmem_blk_n_AW                    |    9|          2|    1|          2|
    |gmem_blk_n_B                     |    9|          2|    1|          2|
    |matrixAStrm_read                 |    9|          2|    1|          2|
    |matrixAStrm_write                |    9|          2|    1|          2|
    |matrixQStrm_read                 |    9|          2|    1|          2|
    |matrixQStrm_write                |    9|          2|    1|          2|
    |matrixRStrm_read                 |    9|          2|    1|          2|
    |matrixRStrm_write                |    9|          2|    1|          2|
    |matrixR_trans_conj_0_i_address0  |   14|          3|    7|         21|
    |matrixR_trans_conj_0_i_ce0       |   14|          3|    1|          3|
    |matrixR_trans_conj_0_i_we0       |    9|          2|    1|          2|
    |matrixR_trans_conj_1_i_address0  |   14|          3|    7|         21|
    |matrixR_trans_conj_1_i_ce0       |   14|          3|    1|          3|
    |matrixR_trans_conj_1_i_we0       |    9|          2|    1|          2|
    +---------------------------------+-----+-----------+-----+-----------+
    |Total                            | 1060|        209|  226|        809|
    +---------------------------------+-----+-----------+-----+-----------+

    * Register: 
    +------------------------------------------------------------------------------------------+-----+----+-----+-----------+
    |                                           Name                                           |  FF | LUT| Bits| Const Bits|
    +------------------------------------------------------------------------------------------+-----+----+-----+-----------+
    |ap_CS_fsm                                                                                 |  147|   0|  147|          0|
    |ap_done_reg                                                                               |    1|   0|    1|          0|
    |ap_rst_n_inv                                                                              |    1|   0|    1|          0|
    |ap_rst_reg_1                                                                              |    1|   0|    1|          0|
    |ap_rst_reg_2                                                                              |    1|   0|    1|          0|
    |grp_Top_Kernel_Pipeline_VITIS_LOOP_152_1_VITIS_LOOP_153_2_fu_186_ap_start_reg             |    1|   0|    1|          0|
    |grp_Top_Kernel_Pipeline_VITIS_LOOP_54_1_fu_147_ap_start_reg                               |    1|   0|    1|          0|
    |grp_qrf_alt_false_100_10_my_qrf_traits_complex_float_complex_float_s_fu_156_ap_start_reg  |    1|   0|    1|          0|
    |grp_qrf_transpose_fu_174_ap_start_reg                                                     |    1|   0|    1|          0|
    |trunc_ln2_reg_248                                                                         |   60|   0|   60|          0|
    |trunc_ln_reg_237                                                                          |   58|   0|   58|          0|
    +------------------------------------------------------------------------------------------+-----+----+-----+-----------+
    |Total                                                                                     |  273|   0|  273|          0|
    +------------------------------------------------------------------------------------------+-----+----+-----+-----------+



================================================================
== Interface
================================================================
* Summary: 
+-----------------------+-----+-----+---------------+--------------+--------------+
|       RTL Ports       | Dir | Bits|    Protocol   | Source Object|    C Type    |
+-----------------------+-----+-----+---------------+--------------+--------------+
|s_axi_control_AWVALID  |   in|    1|          s_axi|       control|        scalar|
|s_axi_control_AWREADY  |  out|    1|          s_axi|       control|        scalar|
|s_axi_control_AWADDR   |   in|    6|          s_axi|       control|        scalar|
|s_axi_control_WVALID   |   in|    1|          s_axi|       control|        scalar|
|s_axi_control_WREADY   |  out|    1|          s_axi|       control|        scalar|
|s_axi_control_WDATA    |   in|   32|          s_axi|       control|        scalar|
|s_axi_control_WSTRB    |   in|    4|          s_axi|       control|        scalar|
|s_axi_control_ARVALID  |   in|    1|          s_axi|       control|        scalar|
|s_axi_control_ARREADY  |  out|    1|          s_axi|       control|        scalar|
|s_axi_control_ARADDR   |   in|    6|          s_axi|       control|        scalar|
|s_axi_control_RVALID   |  out|    1|          s_axi|       control|        scalar|
|s_axi_control_RREADY   |   in|    1|          s_axi|       control|        scalar|
|s_axi_control_RDATA    |  out|   32|          s_axi|       control|        scalar|
|s_axi_control_RRESP    |  out|    2|          s_axi|       control|        scalar|
|s_axi_control_BVALID   |  out|    1|          s_axi|       control|        scalar|
|s_axi_control_BREADY   |   in|    1|          s_axi|       control|        scalar|
|s_axi_control_BRESP    |  out|    2|          s_axi|       control|        scalar|
|ap_clk                 |   in|    1|  ap_ctrl_chain|    Top_Kernel|  return value|
|ap_rst_n               |   in|    1|  ap_ctrl_chain|    Top_Kernel|  return value|
|interrupt              |  out|    1|  ap_ctrl_chain|    Top_Kernel|  return value|
|m_axi_gmem0_AWVALID    |  out|    1|          m_axi|         gmem0|       pointer|
|m_axi_gmem0_AWREADY    |   in|    1|          m_axi|         gmem0|       pointer|
|m_axi_gmem0_AWADDR     |  out|   64|          m_axi|         gmem0|       pointer|
|m_axi_gmem0_AWID       |  out|    1|          m_axi|         gmem0|       pointer|
|m_axi_gmem0_AWLEN      |  out|    8|          m_axi|         gmem0|       pointer|
|m_axi_gmem0_AWSIZE     |  out|    3|          m_axi|         gmem0|       pointer|
|m_axi_gmem0_AWBURST    |  out|    2|          m_axi|         gmem0|       pointer|
|m_axi_gmem0_AWLOCK     |  out|    2|          m_axi|         gmem0|       pointer|
|m_axi_gmem0_AWCACHE    |  out|    4|          m_axi|         gmem0|       pointer|
|m_axi_gmem0_AWPROT     |  out|    3|          m_axi|         gmem0|       pointer|
|m_axi_gmem0_AWQOS      |  out|    4|          m_axi|         gmem0|       pointer|
|m_axi_gmem0_AWREGION   |  out|    4|          m_axi|         gmem0|       pointer|
|m_axi_gmem0_AWUSER     |  out|    1|          m_axi|         gmem0|       pointer|
|m_axi_gmem0_WVALID     |  out|    1|          m_axi|         gmem0|       pointer|
|m_axi_gmem0_WREADY     |   in|    1|          m_axi|         gmem0|       pointer|
|m_axi_gmem0_WDATA      |  out|  512|          m_axi|         gmem0|       pointer|
|m_axi_gmem0_WSTRB      |  out|   64|          m_axi|         gmem0|       pointer|
|m_axi_gmem0_WLAST      |  out|    1|          m_axi|         gmem0|       pointer|
|m_axi_gmem0_WID        |  out|    1|          m_axi|         gmem0|       pointer|
|m_axi_gmem0_WUSER      |  out|    1|          m_axi|         gmem0|       pointer|
|m_axi_gmem0_ARVALID    |  out|    1|          m_axi|         gmem0|       pointer|
|m_axi_gmem0_ARREADY    |   in|    1|          m_axi|         gmem0|       pointer|
|m_axi_gmem0_ARADDR     |  out|   64|          m_axi|         gmem0|       pointer|
|m_axi_gmem0_ARID       |  out|    1|          m_axi|         gmem0|       pointer|
|m_axi_gmem0_ARLEN      |  out|    8|          m_axi|         gmem0|       pointer|
|m_axi_gmem0_ARSIZE     |  out|    3|          m_axi|         gmem0|       pointer|
|m_axi_gmem0_ARBURST    |  out|    2|          m_axi|         gmem0|       pointer|
|m_axi_gmem0_ARLOCK     |  out|    2|          m_axi|         gmem0|       pointer|
|m_axi_gmem0_ARCACHE    |  out|    4|          m_axi|         gmem0|       pointer|
|m_axi_gmem0_ARPROT     |  out|    3|          m_axi|         gmem0|       pointer|
|m_axi_gmem0_ARQOS      |  out|    4|          m_axi|         gmem0|       pointer|
|m_axi_gmem0_ARREGION   |  out|    4|          m_axi|         gmem0|       pointer|
|m_axi_gmem0_ARUSER     |  out|    1|          m_axi|         gmem0|       pointer|
|m_axi_gmem0_RVALID     |   in|    1|          m_axi|         gmem0|       pointer|
|m_axi_gmem0_RREADY     |  out|    1|          m_axi|         gmem0|       pointer|
|m_axi_gmem0_RDATA      |   in|  512|          m_axi|         gmem0|       pointer|
|m_axi_gmem0_RLAST      |   in|    1|          m_axi|         gmem0|       pointer|
|m_axi_gmem0_RID        |   in|    1|          m_axi|         gmem0|       pointer|
|m_axi_gmem0_RUSER      |   in|    1|          m_axi|         gmem0|       pointer|
|m_axi_gmem0_RRESP      |   in|    2|          m_axi|         gmem0|       pointer|
|m_axi_gmem0_BVALID     |   in|    1|          m_axi|         gmem0|       pointer|
|m_axi_gmem0_BREADY     |  out|    1|          m_axi|         gmem0|       pointer|
|m_axi_gmem0_BRESP      |   in|    2|          m_axi|         gmem0|       pointer|
|m_axi_gmem0_BID        |   in|    1|          m_axi|         gmem0|       pointer|
|m_axi_gmem0_BUSER      |   in|    1|          m_axi|         gmem0|       pointer|
|m_axi_gmem_AWVALID     |  out|    1|          m_axi|          gmem|       pointer|
|m_axi_gmem_AWREADY     |   in|    1|          m_axi|          gmem|       pointer|
|m_axi_gmem_AWADDR      |  out|   64|          m_axi|          gmem|       pointer|
|m_axi_gmem_AWID        |  out|    1|          m_axi|          gmem|       pointer|
|m_axi_gmem_AWLEN       |  out|    8|          m_axi|          gmem|       pointer|
|m_axi_gmem_AWSIZE      |  out|    3|          m_axi|          gmem|       pointer|
|m_axi_gmem_AWBURST     |  out|    2|          m_axi|          gmem|       pointer|
|m_axi_gmem_AWLOCK      |  out|    2|          m_axi|          gmem|       pointer|
|m_axi_gmem_AWCACHE     |  out|    4|          m_axi|          gmem|       pointer|
|m_axi_gmem_AWPROT      |  out|    3|          m_axi|          gmem|       pointer|
|m_axi_gmem_AWQOS       |  out|    4|          m_axi|          gmem|       pointer|
|m_axi_gmem_AWREGION    |  out|    4|          m_axi|          gmem|       pointer|
|m_axi_gmem_AWUSER      |  out|    1|          m_axi|          gmem|       pointer|
|m_axi_gmem_WVALID      |  out|    1|          m_axi|          gmem|       pointer|
|m_axi_gmem_WREADY      |   in|    1|          m_axi|          gmem|       pointer|
|m_axi_gmem_WDATA       |  out|  128|          m_axi|          gmem|       pointer|
|m_axi_gmem_WSTRB       |  out|   16|          m_axi|          gmem|       pointer|
|m_axi_gmem_WLAST       |  out|    1|          m_axi|          gmem|       pointer|
|m_axi_gmem_WID         |  out|    1|          m_axi|          gmem|       pointer|
|m_axi_gmem_WUSER       |  out|    1|          m_axi|          gmem|       pointer|
|m_axi_gmem_ARVALID     |  out|    1|          m_axi|          gmem|       pointer|
|m_axi_gmem_ARREADY     |   in|    1|          m_axi|          gmem|       pointer|
|m_axi_gmem_ARADDR      |  out|   64|          m_axi|          gmem|       pointer|
|m_axi_gmem_ARID        |  out|    1|          m_axi|          gmem|       pointer|
|m_axi_gmem_ARLEN       |  out|    8|          m_axi|          gmem|       pointer|
|m_axi_gmem_ARSIZE      |  out|    3|          m_axi|          gmem|       pointer|
|m_axi_gmem_ARBURST     |  out|    2|          m_axi|          gmem|       pointer|
|m_axi_gmem_ARLOCK      |  out|    2|          m_axi|          gmem|       pointer|
|m_axi_gmem_ARCACHE     |  out|    4|          m_axi|          gmem|       pointer|
|m_axi_gmem_ARPROT      |  out|    3|          m_axi|          gmem|       pointer|
|m_axi_gmem_ARQOS       |  out|    4|          m_axi|          gmem|       pointer|
|m_axi_gmem_ARREGION    |  out|    4|          m_axi|          gmem|       pointer|
|m_axi_gmem_ARUSER      |  out|    1|          m_axi|          gmem|       pointer|
|m_axi_gmem_RVALID      |   in|    1|          m_axi|          gmem|       pointer|
|m_axi_gmem_RREADY      |  out|    1|          m_axi|          gmem|       pointer|
|m_axi_gmem_RDATA       |   in|  128|          m_axi|          gmem|       pointer|
|m_axi_gmem_RLAST       |   in|    1|          m_axi|          gmem|       pointer|
|m_axi_gmem_RID         |   in|    1|          m_axi|          gmem|       pointer|
|m_axi_gmem_RUSER       |   in|    1|          m_axi|          gmem|       pointer|
|m_axi_gmem_RRESP       |   in|    2|          m_axi|          gmem|       pointer|
|m_axi_gmem_BVALID      |   in|    1|          m_axi|          gmem|       pointer|
|m_axi_gmem_BREADY      |  out|    1|          m_axi|          gmem|       pointer|
|m_axi_gmem_BRESP       |   in|    2|          m_axi|          gmem|       pointer|
|m_axi_gmem_BID         |   in|    1|          m_axi|          gmem|       pointer|
|m_axi_gmem_BUSER       |   in|    1|          m_axi|          gmem|       pointer|
+-----------------------+-----+-----+---------------+--------------+--------------+

