INFO-FLOW: Workspace /mnt/HLSNAS/04.HPOmGn/m111061549/BeamFormer/geqrf/_x_temp.sw_emu.xilinx_u50_gen3x16_xdma_5_202210_1/Top_Kernel/Top_Kernel/Top_Kernel/solution opened at Tue Jun 13 16:00:16 CST 2023
Execute       send_msg_by_id INFO @200-1505@%s%s  vitis 
INFO: [HLS 200-1505] Using flow_target 'vitis'
Execute       get_config_interface -m_axi_latency 
Execute       send_msg_by_id INFO @200-435@%s%s 'open_solution -flow_target vitis' config_interface -m_axi_latency=64 
INFO: [HLS 200-435] Setting 'open_solution -flow_target vitis' configuration: config_interface -m_axi_latency=64
Execute       config_interface -m_axi_latency=64 
Execute       get_config_interface -m_axi_alignment_byte_size 
Execute       send_msg_by_id INFO @200-435@%s%s 'open_solution -flow_target vitis' config_interface -m_axi_alignment_byte_size=64 
INFO: [HLS 200-435] Setting 'open_solution -flow_target vitis' configuration: config_interface -m_axi_alignment_byte_size=64
Execute       config_interface -m_axi_alignment_byte_size=64 
Execute       get_config_interface -m_axi_max_widen_bitwidth 
Execute       send_msg_by_id INFO @200-435@%s%s 'open_solution -flow_target vitis' config_interface -m_axi_max_widen_bitwidth=512 
INFO: [HLS 200-435] Setting 'open_solution -flow_target vitis' configuration: config_interface -m_axi_max_widen_bitwidth=512
Execute       config_interface -m_axi_max_widen_bitwidth=512 
Execute       get_config_interface -default_interface 
INFO-FLOW: Setting macro_cmd open_solution -flow_target vitis configuration: config_interface -default_interface=kernel
Execute       config_interface -default_interface=kernel 
Execute       get_config_rtl -register_reset_num 
Execute       send_msg_by_id INFO @200-435@%s%s 'open_solution -flow_target vitis' config_rtl -register_reset_num=3 
INFO: [HLS 200-435] Setting 'open_solution -flow_target vitis' configuration: config_rtl -register_reset_num=3
Execute       config_rtl -register_reset_num=3 
Execute     set_part xcu50-fsvh2104-2-e 
INFO: [HLS 200-1510] Running: set_part xcu50-fsvh2104-2-e 
Execute       create_platform xcu50-fsvh2104-2-e -board  
DBG:HLSDevice: Trying to load device library: /opt/Xilinx/Vitis_HLS/2022.1/lib/lnx64.o/librdi_hlsvwrap.so
DBG:HLSDevice: first parts/arch.xml in RDI_DATADIR: /opt/Xilinx/Vivado/2022.1/data/parts/arch.xml
DBG:HLSDevice: init success
INFO: [HLS 200-1611] Setting target device to 'xcu50-fsvh2104-2-e'
Command       create_platform done; 0.53 sec.
Execute       source /opt/Xilinx/Vitis_HLS/2022.1/common/technology/xilinx/common/xilinx.gen 
Execute         source /opt/Xilinx/Vitis_HLS/2022.1/common/technology/xilinx/interface/plb46.gen 
Execute         source /opt/Xilinx/Vitis_HLS/2022.1/common/technology/xilinx/interface/axi4.gen 
Execute         source /opt/Xilinx/Vitis_HLS/2022.1/common/technology/xilinx/interface/nativeAXI4.gen 
Execute           source /opt/Xilinx/Vitis_HLS/2022.1/common/technology/xilinx/interface/saxilite.gen 
Execute         source /opt/Xilinx/Vitis_HLS/2022.1/common/technology/xilinx/scripts/xilinxcoregen.gen 
Execute         source /opt/Xilinx/Vitis_HLS/2022.1/common/technology/xilinx/interface/XilEDKCoreGen.gen 
Execute         source /opt/Xilinx/Vitis_HLS/2022.1/common/technology/xilinx/ip/dds_compiler.gen 
Execute         source /opt/Xilinx/Vitis_HLS/2022.1/common/technology/xilinx/ip/xfir.gen 
Execute         source /opt/Xilinx/Vitis_HLS/2022.1/common/technology/xilinx/ip/xfft.gen 
Execute         source /opt/Xilinx/Vitis_HLS/2022.1/common/technology/xilinx/ip/util.gen 
Execute         source /opt/Xilinx/Vitis_HLS/2022.1/common/technology/xilinx/DSP48/dsp48.gen 
Execute       ap_part_info -name xcu50-fsvh2104-2-e -data info 
Execute       config_compile -quiet -complex-mul-dsp=0 
Command     set_part done; 0.71 sec.
Execute     create_clock -period 300.000000MHz -name default 
INFO: [HLS 200-1510] Running: create_clock -period 300.000000MHz -name default 
Execute       ap_set_clock -name default -period 3.333 -unit ns -default=false 
INFO: [SYN 201-201] Setting up clock 'default' with a period of 3.333ns.
Execute     config_dataflow -strict_mode warning 
INFO: [HLS 200-1510] Running: config_dataflow -strict_mode warning 
Execute     config_export -deadlock_detection none 
INFO: [HLS 200-1510] Running: config_export -deadlock_detection none 
WARNING: [HLS 200-483] The 'config_export -deadlock_detection' command is deprecated and will be removed in a future release. Use 'config_rtl -deadlock_detection' as its replacement.
INFO: [HLS 200-1907] Replacing 'config_export -deadlock_detection=none' with 'config_rtl -deadlock_detection=none' in current solution file
Execute     config_interface -m_axi_conservative_mode=1 
INFO: [HLS 200-1510] Running: config_interface -m_axi_conservative_mode=1 
Execute     config_interface -m_axi_addr64 
INFO: [HLS 200-1510] Running: config_interface -m_axi_addr64 
Execute     config_interface -m_axi_auto_max_ports=0 
INFO: [HLS 200-1510] Running: config_interface -m_axi_auto_max_ports=0 
Execute     config_export -format xo -ipname Top_Kernel 
INFO: [HLS 200-1510] Running: config_export -format xo -ipname Top_Kernel 
INFO: [HLS 200-1907] Replacing 'config_export -deadlock_detection=none' with 'config_rtl -deadlock_detection=none' in current solution file
Execute     csynth_design -synthesis_check 
INFO: [HLS 200-1510] Running: csynth_design -synthesis_check 
Execute       get_config_compile -effort 
Execute       get_config_compile -enable_clang39 
Execute       get_config_compile -g 
Execute       get_config_compile -hw_syn 
Execute       get_config_compile -ng 
Execute       get_config_compile -opt_fp 
Execute       get_config_compile -skip_cdt 
Execute       get_config_compile -skip_syncheck 
Execute       get_config_compile -skip_transform 
Execute       get_config_compile -pre_tcl 
Execute       get_config_compile -keep_printf 
Execute       elaborate -effort=medium -skip_syncheck=0 -keep_printf=0 -skip_cdt=0 -skip_transform=2 -ng=0 -g=0 -opt_fp=0 -from_csynth_design=1 
INFO: [HLS 200-111] Finished File checks and directory preparation: CPU user time: 0.01 seconds. CPU system time: 0 seconds. Elapsed time: 0.01 seconds; current allocated memory: 1.214 GB.
INFO: [HLS 200-10] Analyzing design file '/mnt/HLSNAS/04.HPOmGn/m111061549/BeamFormer/geqrf/Top_Kernel.cpp' ... 
INFO-FLOW: Compiling one TU...
Execute         get_config_compile -pragma_strict_mode 
INFO-FLOW: Handling /mnt/HLSNAS/04.HPOmGn/m111061549/BeamFormer/geqrf/Top_Kernel.cpp as C++
Execute         ap_part_info -name xcu50-fsvh2104-2-e -data info 
INFO-FLOW: Running: GCC PP 39
INFO-FLOW: Source preprocessing
Execute         ap_eval exec -ignorestderr /opt/Xilinx/Vitis_HLS/2022.1/lnx64/tools/clang-3.9-csynth/bin/clang /mnt/HLSNAS/04.HPOmGn/m111061549/BeamFormer/geqrf/Top_Kernel.cpp -foptimization-record-file=/mnt/HLSNAS/04.HPOmGn/m111061549/BeamFormer/geqrf/_x_temp.sw_emu.xilinx_u50_gen3x16_xdma_5_202210_1/Top_Kernel/Top_Kernel/Top_Kernel/solution/.autopilot/db/Top_Kernel.cpp.clang.diag.yml -mllvm -pass-remarks-missed=reflow|pasta|unroll -mllvm -pass-remarks=reflow|pasta|unroll|inline -fno-limit-debug-info -gcc-toolchain /opt/Xilinx/Vitis_HLS/2022.1/tps/lnx64/gcc-8.3.0 -fhls -fno-exceptions -E -I/ext -I/mnt/HLSNAS/04.HPOmGn/m111061549/BeamFormer/geqrf -fno-math-errno -c -emit-llvm -mllvm -disable-llvm-optzns -Werror=implicit-function-declaration -Werror=implicit-hls-streams -Werror=return-type -Wpragmas -Wunused-parameter -Wdump-hls-pragmas -fno-threadsafe-statics -fno-use-cxa-atexit -std=gnu++14 -target fpga64-xilinx-linux-gnu -fno-threadsafe-statics -fno-use-cxa-atexit -D__VITIS_HLS__ -DAESL_SYN -D__SYNTHESIS__ -D__HLS_SYN__ -I /opt/Xilinx/Vitis_HLS/2022.1/common/technology/autopilot -I /opt/Xilinx/Vitis_HLS/2022.1/common/technology/autopilot/ap_sysc -include etc/autopilot_ssdm_op.h -D__DSP48E2__ -I /usr/include/x86_64-linux-gnu -o /mnt/HLSNAS/04.HPOmGn/m111061549/BeamFormer/geqrf/_x_temp.sw_emu.xilinx_u50_gen3x16_xdma_5_202210_1/Top_Kernel/Top_Kernel/Top_Kernel/solution/.autopilot/db/Top_Kernel.pp.0.cpp -hls-platform-db-name=/opt/Xilinx/Vitis_HLS/2022.1/common/technology/xilinx/common/platform.db -hls-platform-name=virtexuplus_medium -device-resource-info=BRAM_2688.000000_DSP_5952.000000_FF_1743360.000000_LUT_871680.000000_SLICE_108960.000000_SLR_2.000000_URAM_640.000000 > /mnt/HLSNAS/04.HPOmGn/m111061549/BeamFormer/geqrf/_x_temp.sw_emu.xilinx_u50_gen3x16_xdma_5_202210_1/Top_Kernel/Top_Kernel/Top_Kernel/solution/.autopilot/db/Top_Kernel.cpp.clang.out.log 2> /mnt/HLSNAS/04.HPOmGn/m111061549/BeamFormer/geqrf/_x_temp.sw_emu.xilinx_u50_gen3x16_xdma_5_202210_1/Top_Kernel/Top_Kernel/Top_Kernel/solution/.autopilot/db/Top_Kernel.cpp.clang.err.log 
Command         ap_eval done; 0.15 sec.
INFO-FLOW: Done: GCC PP 39 time: 0.1 seconds per iteration
Execute         set_directive_top Top_Kernel -name=Top_Kernel 
Execute         source /opt/Xilinx/Vitis_HLS/2022.1/tps/tcl/tcllib1.11.1/yaml/huddle.tcl 
Execute         source /opt/Xilinx/Vitis_HLS/2022.1/tps/tcl/tcllib1.11.1/yaml/json2huddle.tcl 
INFO-FLOW: Source syntax check for synthesis
Execute         ap_eval exec -ignorestderr /opt/Xilinx/Vitis_HLS/2022.1/lnx64/tools/clang-3.9-csynth/bin/clang -foptimization-record-file=/mnt/HLSNAS/04.HPOmGn/m111061549/BeamFormer/geqrf/_x_temp.sw_emu.xilinx_u50_gen3x16_xdma_5_202210_1/Top_Kernel/Top_Kernel/Top_Kernel/solution/.autopilot/db/clang.diag.yml -mllvm -pass-remarks-missed=reflow|pasta|unroll -mllvm -pass-remarks=reflow|pasta|unroll|inline -fsyntax-only -fhls -target fpga64-xilinx-linux-gnu /mnt/HLSNAS/04.HPOmGn/m111061549/BeamFormer/geqrf/_x_temp.sw_emu.xilinx_u50_gen3x16_xdma_5_202210_1/Top_Kernel/Top_Kernel/Top_Kernel/solution/.autopilot/db/Top_Kernel.pp.0.cpp -hls-platform-db-name=/opt/Xilinx/Vitis_HLS/2022.1/common/technology/xilinx/common/platform.db -hls-platform-name=virtexuplus_medium -device-resource-info=BRAM_2688.000000_DSP_5952.000000_FF_1743360.000000_LUT_871680.000000_SLICE_108960.000000_SLR_2.000000_URAM_640.000000 > /mnt/HLSNAS/04.HPOmGn/m111061549/BeamFormer/geqrf/_x_temp.sw_emu.xilinx_u50_gen3x16_xdma_5_202210_1/Top_Kernel/Top_Kernel/Top_Kernel/solution/.autopilot/db/clang.out.log 2> /mnt/HLSNAS/04.HPOmGn/m111061549/BeamFormer/geqrf/_x_temp.sw_emu.xilinx_u50_gen3x16_xdma_5_202210_1/Top_Kernel/Top_Kernel/Top_Kernel/solution/.autopilot/db/clang.err.log 
Command         ap_eval done; 1.92 sec.
WARNING: [HLS 207-5570] unknown HLS pragma ignored (/mnt/HLSNAS/04.HPOmGn/m111061549/BeamFormer/geqrf/Top_Kernel.cpp:172:9)
WARNING: [HLS 207-5557] Only for/while loops support the 'loop_tripcount' (/mnt/HLSNAS/04.HPOmGn/m111061549/BeamFormer/geqrf/hw/qrf.hpp:787:9)
Execute         clang_tidy xilinx-systemc-detector -desc systemc-detector /mnt/HLSNAS/04.HPOmGn/m111061549/BeamFormer/geqrf/_x_temp.sw_emu.xilinx_u50_gen3x16_xdma_5_202210_1/Top_Kernel/Top_Kernel/Top_Kernel/solution/.autopilot/db/Top_Kernel.pp.0.cpp std=gnu++14 -target fpga  -directive=/mnt/HLSNAS/04.HPOmGn/m111061549/BeamFormer/geqrf/_x_temp.sw_emu.xilinx_u50_gen3x16_xdma_5_202210_1/Top_Kernel/Top_Kernel/Top_Kernel/solution/.autopilot/db/.systemc_flag 
INFO-FLOW: exec /opt/Xilinx/Vitis_HLS/2022.1/lnx64/tools/clang-3.9-csynth/bin/clang-tidy -header-filter=.* --checks=-*,xilinx-systemc-detector -import-directive=/mnt/HLSNAS/04.HPOmGn/m111061549/BeamFormer/geqrf/_x_temp.sw_emu.xilinx_u50_gen3x16_xdma_5_202210_1/Top_Kernel/Top_Kernel/Top_Kernel/solution/.autopilot/db/.systemc_flag -fix-errors /mnt/HLSNAS/04.HPOmGn/m111061549/BeamFormer/geqrf/_x_temp.sw_emu.xilinx_u50_gen3x16_xdma_5_202210_1/Top_Kernel/Top_Kernel/Top_Kernel/solution/.autopilot/db/Top_Kernel.pp.0.cpp -- -std=gnu++14 -target fpga -fhls -ferror-limit=0
Command         clang_tidy done; 1.93 sec.
INFO-FLOW: Running: clang-tidy CDT preprocess 39
Execute         clang_tidy xilinx-directive2pragma -desc directive2pragma /mnt/HLSNAS/04.HPOmGn/m111061549/BeamFormer/geqrf/_x_temp.sw_emu.xilinx_u50_gen3x16_xdma_5_202210_1/Top_Kernel/Top_Kernel/Top_Kernel/solution/.autopilot/db/Top_Kernel.pp.0.cpp std=gnu++14 -target fpga  -directive=/mnt/HLSNAS/04.HPOmGn/m111061549/BeamFormer/geqrf/_x_temp.sw_emu.xilinx_u50_gen3x16_xdma_5_202210_1/Top_Kernel/Top_Kernel/Top_Kernel/solution/.autopilot/db/all.directive.json 
INFO-FLOW: exec /opt/Xilinx/Vitis_HLS/2022.1/lnx64/tools/clang-3.9-csynth/bin/clang-tidy -header-filter=.* --checks=-*,xilinx-directive2pragma -import-directive=/mnt/HLSNAS/04.HPOmGn/m111061549/BeamFormer/geqrf/_x_temp.sw_emu.xilinx_u50_gen3x16_xdma_5_202210_1/Top_Kernel/Top_Kernel/Top_Kernel/solution/.autopilot/db/all.directive.json -fix-errors /mnt/HLSNAS/04.HPOmGn/m111061549/BeamFormer/geqrf/_x_temp.sw_emu.xilinx_u50_gen3x16_xdma_5_202210_1/Top_Kernel/Top_Kernel/Top_Kernel/solution/.autopilot/db/Top_Kernel.pp.0.cpp -- -std=gnu++14 -target fpga -fhls -ferror-limit=0
Command         clang_tidy done; 2.19 sec.
Execute         clang_tidy xilinx-remove-assert -desc remove-assert /mnt/HLSNAS/04.HPOmGn/m111061549/BeamFormer/geqrf/_x_temp.sw_emu.xilinx_u50_gen3x16_xdma_5_202210_1/Top_Kernel/Top_Kernel/Top_Kernel/solution/.autopilot/db/Top_Kernel.pp.0.cpp std=gnu++14 -target fpga  
INFO-FLOW: exec /opt/Xilinx/Vitis_HLS/2022.1/lnx64/tools/clang-3.9-csynth/bin/clang-tidy -header-filter=.* --checks=-*,xilinx-remove-assert -fix-errors /mnt/HLSNAS/04.HPOmGn/m111061549/BeamFormer/geqrf/_x_temp.sw_emu.xilinx_u50_gen3x16_xdma_5_202210_1/Top_Kernel/Top_Kernel/Top_Kernel/solution/.autopilot/db/Top_Kernel.pp.0.cpp -- -std=gnu++14 -target fpga -fhls -ferror-limit=0
Command         clang_tidy done; 1.95 sec.
INFO-FLOW: Done: clang-tidy CDT preprocess 39 time: 4.1 seconds per iteration
Execute         ap_part_info -name xcu50-fsvh2104-2-e -data info 
INFO-FLOW: compiling source code to llvm bc
Execute         ap_eval exec -ignorestderr /opt/Xilinx/Vitis_HLS/2022.1/lnx64/tools/clang-3.9-csynth/bin/clang -foptimization-record-file=/mnt/HLSNAS/04.HPOmGn/m111061549/BeamFormer/geqrf/_x_temp.sw_emu.xilinx_u50_gen3x16_xdma_5_202210_1/Top_Kernel/Top_Kernel/Top_Kernel/solution/.autopilot/db/Top_Kernel.pp.0.cpp.clang.diag.yml -mllvm -pass-remarks-missed=reflow|pasta|unroll -mllvm -pass-remarks=reflow|pasta|unroll|inline -fno-limit-debug-info -fhls -flto -fno-exceptions -Wno-error=c++11-narrowing /mnt/HLSNAS/04.HPOmGn/m111061549/BeamFormer/geqrf/_x_temp.sw_emu.xilinx_u50_gen3x16_xdma_5_202210_1/Top_Kernel/Top_Kernel/Top_Kernel/solution/.autopilot/db/Top_Kernel.pp.0.cpp -I/ext -I/mnt/HLSNAS/04.HPOmGn/m111061549/BeamFormer/geqrf -fno-math-errno -c -emit-llvm -mllvm -disable-llvm-optzns -Werror=implicit-function-declaration -Werror=implicit-hls-streams -Werror=return-type -Wpragmas -Wunused-parameter -Wdump-hls-pragmas -fno-threadsafe-statics -fno-use-cxa-atexit -std=gnu++14 -target fpga64-xilinx-linux-gnu -D__VITIS_HLS__ -DAESL_SYN -D__SYNTHESIS__ -D__HLS_SYN__ -I /opt/Xilinx/Vitis_HLS/2022.1/common/technology/autopilot -I /opt/Xilinx/Vitis_HLS/2022.1/common/technology/autopilot/ap_sysc -include etc/autopilot_ssdm_op.h -D__DSP48E2__ -g -o /mnt/HLSNAS/04.HPOmGn/m111061549/BeamFormer/geqrf/_x_temp.sw_emu.xilinx_u50_gen3x16_xdma_5_202210_1/Top_Kernel/Top_Kernel/Top_Kernel/solution/.autopilot/db/Top_Kernel.bc -hls-platform-db-name=/opt/Xilinx/Vitis_HLS/2022.1/common/technology/xilinx/common/platform.db -hls-platform-name=virtexuplus_medium -device-resource-info=BRAM_2688.000000_DSP_5952.000000_FF_1743360.000000_LUT_871680.000000_SLICE_108960.000000_SLR_2.000000_URAM_640.000000 > /mnt/HLSNAS/04.HPOmGn/m111061549/BeamFormer/geqrf/_x_temp.sw_emu.xilinx_u50_gen3x16_xdma_5_202210_1/Top_Kernel/Top_Kernel/Top_Kernel/solution/.autopilot/db/Top_Kernel.pp.0.cpp.clang.out.log 2> /mnt/HLSNAS/04.HPOmGn/m111061549/BeamFormer/geqrf/_x_temp.sw_emu.xilinx_u50_gen3x16_xdma_5_202210_1/Top_Kernel/Top_Kernel/Top_Kernel/solution/.autopilot/db/Top_Kernel.pp.0.cpp.clang.err.log 
Command         ap_eval done; 2.13 sec.
WARNING: [HLS 207-5292] unused parameter 'rows' (/mnt/HLSNAS/04.HPOmGn/m111061549/BeamFormer/geqrf/hw/qrf.hpp:70:38)
WARNING: [HLS 207-5292] unused parameter 'cols' (/mnt/HLSNAS/04.HPOmGn/m111061549/BeamFormer/geqrf/hw/qrf.hpp:70:54)
WARNING: [HLS 207-5292] unused parameter 'x' (/mnt/HLSNAS/04.HPOmGn/m111061549/BeamFormer/geqrf/hw/qrf.hpp:70:62)
WARNING: [HLS 207-5292] unused parameter 'x' (/mnt/HLSNAS/04.HPOmGn/m111061549/BeamFormer/geqrf/hw/qrf.hpp:76:78)
WARNING: [HLS 207-5292] unused parameter 'x' (/mnt/HLSNAS/04.HPOmGn/m111061549/BeamFormer/geqrf/hw/qrf.hpp:87:76)
WARNING: [HLS 207-5292] unused parameter 'extra_pass' (/mnt/HLSNAS/04.HPOmGn/m111061549/BeamFormer/geqrf/hw/qrf.hpp:306:21)
INFO: [HLS 200-111] Finished Source Code Analysis and Preprocessing: CPU user time: 10.7 seconds. CPU system time: 0.49 seconds. Elapsed time: 10.52 seconds; current allocated memory: 214.750 MB.
INFO-FLOW: Linking Debug ...
INFO-FLOW: Linking dut bc code.
Execute         run_link_or_opt -out /mnt/HLSNAS/04.HPOmGn/m111061549/BeamFormer/geqrf/_x_temp.sw_emu.xilinx_u50_gen3x16_xdma_5_202210_1/Top_Kernel/Top_Kernel/Top_Kernel/solution/.autopilot/db/a.g.ld.0.bc -args  "/mnt/HLSNAS/04.HPOmGn/m111061549/BeamFormer/geqrf/_x_temp.sw_emu.xilinx_u50_gen3x16_xdma_5_202210_1/Top_Kernel/Top_Kernel/Top_Kernel/solution/.autopilot/db/Top_Kernel.g.bc"  
Execute           ap_eval exec -ignorestderr /opt/Xilinx/Vitis_HLS/2022.1/lnx64/tools/clang-3.9-csynth/bin/llvm-link /mnt/HLSNAS/04.HPOmGn/m111061549/BeamFormer/geqrf/_x_temp.sw_emu.xilinx_u50_gen3x16_xdma_5_202210_1/Top_Kernel/Top_Kernel/Top_Kernel/solution/.autopilot/db/Top_Kernel.g.bc -o /mnt/HLSNAS/04.HPOmGn/m111061549/BeamFormer/geqrf/_x_temp.sw_emu.xilinx_u50_gen3x16_xdma_5_202210_1/Top_Kernel/Top_Kernel/Top_Kernel/solution/.autopilot/db/a.g.ld.0.bc > /mnt/HLSNAS/04.HPOmGn/m111061549/BeamFormer/geqrf/_x_temp.sw_emu.xilinx_u50_gen3x16_xdma_5_202210_1/Top_Kernel/Top_Kernel/Top_Kernel/solution/.autopilot/db/a.g.ld.0.bc.llvm-link.out.log 2> /mnt/HLSNAS/04.HPOmGn/m111061549/BeamFormer/geqrf/_x_temp.sw_emu.xilinx_u50_gen3x16_xdma_5_202210_1/Top_Kernel/Top_Kernel/Top_Kernel/solution/.autopilot/db/a.g.ld.0.bc.llvm-link.err.log 
INFO-FLOW: 
Execute         run_link_or_opt -opt -out /mnt/HLSNAS/04.HPOmGn/m111061549/BeamFormer/geqrf/_x_temp.sw_emu.xilinx_u50_gen3x16_xdma_5_202210_1/Top_Kernel/Top_Kernel/Top_Kernel/solution/.autopilot/db/a.g.ld.1.lower.bc -args /mnt/HLSNAS/04.HPOmGn/m111061549/BeamFormer/geqrf/_x_temp.sw_emu.xilinx_u50_gen3x16_xdma_5_202210_1/Top_Kernel/Top_Kernel/Top_Kernel/solution/.autopilot/db/a.g.ld.0.bc -reflow-lower-math-intrinsics 
Execute           ap_eval exec -ignorestderr /opt/Xilinx/Vitis_HLS/2022.1/lnx64/tools/clang-3.9-csynth/bin/opt -pass-remarks-missed=reflow|pasta|unroll -pass-remarks=reflow|pasta|unroll|inline -pass-remarks-output=/mnt/HLSNAS/04.HPOmGn/m111061549/BeamFormer/geqrf/_x_temp.sw_emu.xilinx_u50_gen3x16_xdma_5_202210_1/Top_Kernel/Top_Kernel/Top_Kernel/solution/.autopilot/db/a.g.ld.1.lower.bc.opt.diag.yml /mnt/HLSNAS/04.HPOmGn/m111061549/BeamFormer/geqrf/_x_temp.sw_emu.xilinx_u50_gen3x16_xdma_5_202210_1/Top_Kernel/Top_Kernel/Top_Kernel/solution/.autopilot/db/a.g.ld.0.bc -reflow-lower-math-intrinsics -o /mnt/HLSNAS/04.HPOmGn/m111061549/BeamFormer/geqrf/_x_temp.sw_emu.xilinx_u50_gen3x16_xdma_5_202210_1/Top_Kernel/Top_Kernel/Top_Kernel/solution/.autopilot/db/a.g.ld.1.lower.bc > /mnt/HLSNAS/04.HPOmGn/m111061549/BeamFormer/geqrf/_x_temp.sw_emu.xilinx_u50_gen3x16_xdma_5_202210_1/Top_Kernel/Top_Kernel/Top_Kernel/solution/.autopilot/db/a.g.ld.1.lower.bc.opt.out.log 2> /mnt/HLSNAS/04.HPOmGn/m111061549/BeamFormer/geqrf/_x_temp.sw_emu.xilinx_u50_gen3x16_xdma_5_202210_1/Top_Kernel/Top_Kernel/Top_Kernel/solution/.autopilot/db/a.g.ld.1.lower.bc.opt.err.log 
INFO-FLOW: 
INFO-FLOW: Linking math bc lib
Execute         run_link_or_opt -out /mnt/HLSNAS/04.HPOmGn/m111061549/BeamFormer/geqrf/_x_temp.sw_emu.xilinx_u50_gen3x16_xdma_5_202210_1/Top_Kernel/Top_Kernel/Top_Kernel/solution/.autopilot/db/a.g.ld.2.m1.bc -args /mnt/HLSNAS/04.HPOmGn/m111061549/BeamFormer/geqrf/_x_temp.sw_emu.xilinx_u50_gen3x16_xdma_5_202210_1/Top_Kernel/Top_Kernel/Top_Kernel/solution/.autopilot/db/a.g.ld.1.lower.bc -only-needed /opt/Xilinx/Vitis_HLS/2022.1/lnx64/lib/libhlsm_39.bc /opt/Xilinx/Vitis_HLS/2022.1/lnx64/lib/libhlsmc++_39.bc 
Execute           ap_eval exec -ignorestderr /opt/Xilinx/Vitis_HLS/2022.1/lnx64/tools/clang-3.9-csynth/bin/llvm-link /mnt/HLSNAS/04.HPOmGn/m111061549/BeamFormer/geqrf/_x_temp.sw_emu.xilinx_u50_gen3x16_xdma_5_202210_1/Top_Kernel/Top_Kernel/Top_Kernel/solution/.autopilot/db/a.g.ld.1.lower.bc -only-needed /opt/Xilinx/Vitis_HLS/2022.1/lnx64/lib/libhlsm_39.bc /opt/Xilinx/Vitis_HLS/2022.1/lnx64/lib/libhlsmc++_39.bc -o /mnt/HLSNAS/04.HPOmGn/m111061549/BeamFormer/geqrf/_x_temp.sw_emu.xilinx_u50_gen3x16_xdma_5_202210_1/Top_Kernel/Top_Kernel/Top_Kernel/solution/.autopilot/db/a.g.ld.2.m1.bc > /mnt/HLSNAS/04.HPOmGn/m111061549/BeamFormer/geqrf/_x_temp.sw_emu.xilinx_u50_gen3x16_xdma_5_202210_1/Top_Kernel/Top_Kernel/Top_Kernel/solution/.autopilot/db/a.g.ld.2.m1.bc.llvm-link.out.log 2> /mnt/HLSNAS/04.HPOmGn/m111061549/BeamFormer/geqrf/_x_temp.sw_emu.xilinx_u50_gen3x16_xdma_5_202210_1/Top_Kernel/Top_Kernel/Top_Kernel/solution/.autopilot/db/a.g.ld.2.m1.bc.llvm-link.err.log 
Command           ap_eval done; 1.7 sec.
INFO-FLOW: 
Command         run_link_or_opt done; 1.7 sec.
Execute         run_link_or_opt -opt -out /mnt/HLSNAS/04.HPOmGn/m111061549/BeamFormer/geqrf/_x_temp.sw_emu.xilinx_u50_gen3x16_xdma_5_202210_1/Top_Kernel/Top_Kernel/Top_Kernel/solution/.autopilot/db/a.g.ld.3.fpc.bc -args /mnt/HLSNAS/04.HPOmGn/m111061549/BeamFormer/geqrf/_x_temp.sw_emu.xilinx_u50_gen3x16_xdma_5_202210_1/Top_Kernel/Top_Kernel/Top_Kernel/solution/.autopilot/db/a.g.ld.2.m1.bc -reflow-globaldce -hls-top-function-name=Top_Kernel -reflow-float-conversion 
Execute           ap_eval exec -ignorestderr /opt/Xilinx/Vitis_HLS/2022.1/lnx64/tools/clang-3.9-csynth/bin/opt -pass-remarks-missed=reflow|pasta|unroll -pass-remarks=reflow|pasta|unroll|inline -pass-remarks-output=/mnt/HLSNAS/04.HPOmGn/m111061549/BeamFormer/geqrf/_x_temp.sw_emu.xilinx_u50_gen3x16_xdma_5_202210_1/Top_Kernel/Top_Kernel/Top_Kernel/solution/.autopilot/db/a.g.ld.3.fpc.bc.opt.diag.yml /mnt/HLSNAS/04.HPOmGn/m111061549/BeamFormer/geqrf/_x_temp.sw_emu.xilinx_u50_gen3x16_xdma_5_202210_1/Top_Kernel/Top_Kernel/Top_Kernel/solution/.autopilot/db/a.g.ld.2.m1.bc -reflow-globaldce -hls-top-function-name=Top_Kernel -reflow-float-conversion -o /mnt/HLSNAS/04.HPOmGn/m111061549/BeamFormer/geqrf/_x_temp.sw_emu.xilinx_u50_gen3x16_xdma_5_202210_1/Top_Kernel/Top_Kernel/Top_Kernel/solution/.autopilot/db/a.g.ld.3.fpc.bc > /mnt/HLSNAS/04.HPOmGn/m111061549/BeamFormer/geqrf/_x_temp.sw_emu.xilinx_u50_gen3x16_xdma_5_202210_1/Top_Kernel/Top_Kernel/Top_Kernel/solution/.autopilot/db/a.g.ld.3.fpc.bc.opt.out.log 2> /mnt/HLSNAS/04.HPOmGn/m111061549/BeamFormer/geqrf/_x_temp.sw_emu.xilinx_u50_gen3x16_xdma_5_202210_1/Top_Kernel/Top_Kernel/Top_Kernel/solution/.autopilot/db/a.g.ld.3.fpc.bc.opt.err.log 
Command           ap_eval done; 0.56 sec.
INFO-FLOW: 
Command         run_link_or_opt done; 0.58 sec.
Execute         run_link_or_opt -out /mnt/HLSNAS/04.HPOmGn/m111061549/BeamFormer/geqrf/_x_temp.sw_emu.xilinx_u50_gen3x16_xdma_5_202210_1/Top_Kernel/Top_Kernel/Top_Kernel/solution/.autopilot/db/a.g.ld.4.m2.bc -args /mnt/HLSNAS/04.HPOmGn/m111061549/BeamFormer/geqrf/_x_temp.sw_emu.xilinx_u50_gen3x16_xdma_5_202210_1/Top_Kernel/Top_Kernel/Top_Kernel/solution/.autopilot/db/a.g.ld.3.fpc.bc -only-needed /opt/Xilinx/Vitis_HLS/2022.1/lnx64/lib/libfloatconversion_39.bc 
Execute           ap_eval exec -ignorestderr /opt/Xilinx/Vitis_HLS/2022.1/lnx64/tools/clang-3.9-csynth/bin/llvm-link /mnt/HLSNAS/04.HPOmGn/m111061549/BeamFormer/geqrf/_x_temp.sw_emu.xilinx_u50_gen3x16_xdma_5_202210_1/Top_Kernel/Top_Kernel/Top_Kernel/solution/.autopilot/db/a.g.ld.3.fpc.bc -only-needed /opt/Xilinx/Vitis_HLS/2022.1/lnx64/lib/libfloatconversion_39.bc -o /mnt/HLSNAS/04.HPOmGn/m111061549/BeamFormer/geqrf/_x_temp.sw_emu.xilinx_u50_gen3x16_xdma_5_202210_1/Top_Kernel/Top_Kernel/Top_Kernel/solution/.autopilot/db/a.g.ld.4.m2.bc > /mnt/HLSNAS/04.HPOmGn/m111061549/BeamFormer/geqrf/_x_temp.sw_emu.xilinx_u50_gen3x16_xdma_5_202210_1/Top_Kernel/Top_Kernel/Top_Kernel/solution/.autopilot/db/a.g.ld.4.m2.bc.llvm-link.out.log 2> /mnt/HLSNAS/04.HPOmGn/m111061549/BeamFormer/geqrf/_x_temp.sw_emu.xilinx_u50_gen3x16_xdma_5_202210_1/Top_Kernel/Top_Kernel/Top_Kernel/solution/.autopilot/db/a.g.ld.4.m2.bc.llvm-link.err.log 
INFO-FLOW: 
Execute         run_link_or_opt -opt -out /mnt/HLSNAS/04.HPOmGn/m111061549/BeamFormer/geqrf/_x_temp.sw_emu.xilinx_u50_gen3x16_xdma_5_202210_1/Top_Kernel/Top_Kernel/Top_Kernel/solution/.autopilot/db/a.g.ld.5.gdce.bc -args /mnt/HLSNAS/04.HPOmGn/m111061549/BeamFormer/geqrf/_x_temp.sw_emu.xilinx_u50_gen3x16_xdma_5_202210_1/Top_Kernel/Top_Kernel/Top_Kernel/solution/.autopilot/db/a.g.ld.4.m2.bc -reflow-globaldce -hls-top-function-name=Top_Kernel 
Execute           ap_eval exec -ignorestderr /opt/Xilinx/Vitis_HLS/2022.1/lnx64/tools/clang-3.9-csynth/bin/opt -pass-remarks-missed=reflow|pasta|unroll -pass-remarks=reflow|pasta|unroll|inline -pass-remarks-output=/mnt/HLSNAS/04.HPOmGn/m111061549/BeamFormer/geqrf/_x_temp.sw_emu.xilinx_u50_gen3x16_xdma_5_202210_1/Top_Kernel/Top_Kernel/Top_Kernel/solution/.autopilot/db/a.g.ld.5.gdce.bc.opt.diag.yml /mnt/HLSNAS/04.HPOmGn/m111061549/BeamFormer/geqrf/_x_temp.sw_emu.xilinx_u50_gen3x16_xdma_5_202210_1/Top_Kernel/Top_Kernel/Top_Kernel/solution/.autopilot/db/a.g.ld.4.m2.bc -reflow-globaldce -hls-top-function-name=Top_Kernel -o /mnt/HLSNAS/04.HPOmGn/m111061549/BeamFormer/geqrf/_x_temp.sw_emu.xilinx_u50_gen3x16_xdma_5_202210_1/Top_Kernel/Top_Kernel/Top_Kernel/solution/.autopilot/db/a.g.ld.5.gdce.bc > /mnt/HLSNAS/04.HPOmGn/m111061549/BeamFormer/geqrf/_x_temp.sw_emu.xilinx_u50_gen3x16_xdma_5_202210_1/Top_Kernel/Top_Kernel/Top_Kernel/solution/.autopilot/db/a.g.ld.5.gdce.bc.opt.out.log 2> /mnt/HLSNAS/04.HPOmGn/m111061549/BeamFormer/geqrf/_x_temp.sw_emu.xilinx_u50_gen3x16_xdma_5_202210_1/Top_Kernel/Top_Kernel/Top_Kernel/solution/.autopilot/db/a.g.ld.5.gdce.bc.opt.err.log 
INFO-FLOW: 
Execute         get_solution -flow_target 
Execute         get_config_rtl -module_prefix 
Execute         get_config_interface -default_slave_interface 
Execute         get_solution -flow_target 
Execute         get_config_interface -m_axi_offset 
Execute         get_config_interface -m_axi_latency 
Execute         get_config_interface -m_axi_alignment_byte_size 
Execute         get_config_interface -m_axi_min_bitwidth 
Execute         get_config_interface -m_axi_max_bitwidth 
Execute         get_config_interface -m_axi_max_widen_bitwidth 
Execute         get_config_interface -m_axi_num_read_outstanding 
Execute         get_config_interface -m_axi_num_write_outstanding 
Execute         get_config_interface -m_axi_max_read_burst_length 
Execute         get_config_interface -m_axi_max_write_burst_length 
Execute         get_config_interface -m_axi_min_bitwidth 
Execute         get_config_interface -m_axi_max_bitwidth 
Execute         get_config_interface -m_axi_latency 
Execute         get_config_interface -m_axi_min_bitwidth 
Execute         get_config_interface -m_axi_max_bitwidth 
Execute         get_config_interface -m_axi_max_widen_bitwidth 
Execute         get_config_interface -m_axi_auto_max_ports 
Execute         get_config_interface -m_axi_num_read_outstanding 
Execute         get_config_interface -m_axi_num_write_outstanding 
Execute         get_config_interface -m_axi_max_read_burst_length 
Execute         get_config_interface -m_axi_max_write_burst_length 
Execute         get_config_interface -s_axilite_data64 
Execute         get_config_compile -instruction_warning_threshold 
Execute         get_config_compile -pipeline_loops 
Execute         get_config_interface -m_axi_alignment_byte_size 
Execute         get_config_compile -pragma_strict_mode 
Execute         get_config_compile -pipeline_style 
Execute         get_config_dataflow -strict_mode 
Execute         get_config_array_partition -throughput_driven 
Execute         send_msg_by_id INFO @200-777@%s Vitis 
INFO: [HLS 200-777] Using interface defaults for 'Vitis' flow target.
Execute         is_m_axi_addr64 
Execute         get_clock_period -ns -default 
INFO-FLOW: Doing LTO.
Execute         ap_eval exec -ignorestderr /opt/Xilinx/Vitis_HLS/2022.1/lnx64/tools/clang-3.9-csynth/bin/clang -foptimization-record-file=/mnt/HLSNAS/04.HPOmGn/m111061549/BeamFormer/geqrf/_x_temp.sw_emu.xilinx_u50_gen3x16_xdma_5_202210_1/Top_Kernel/Top_Kernel/Top_Kernel/solution/.autopilot/db/a.g.ld.0.bc.clang.diag.yml -mllvm -pass-remarks-missed=reflow|pasta|unroll -mllvm -pass-remarks=reflow|pasta|unroll|inline -fhls -mllvm -hls-top-function-name=Top_Kernel -mllvm -hls-db-dir -mllvm /mnt/HLSNAS/04.HPOmGn/m111061549/BeamFormer/geqrf/_x_temp.sw_emu.xilinx_u50_gen3x16_xdma_5_202210_1/Top_Kernel/Top_Kernel/Top_Kernel/solution/.autopilot/db -emit-llvm -c -target fpga64-xilinx-none -mllvm -xcl-xmlinfo=/mnt/HLSNAS/04.HPOmGn/m111061549/BeamFormer/geqrf/_x_temp.sw_emu.xilinx_u50_gen3x16_xdma_5_202210_1/Top_Kernel/Top_Kernel/Top_Kernel/solution/.autopilot/db/../../../kernel.xml -mllvm -top-io-mapping-info=/mnt/HLSNAS/04.HPOmGn/m111061549/BeamFormer/geqrf/_x_temp.sw_emu.xilinx_u50_gen3x16_xdma_5_202210_1/Top_Kernel/Top_Kernel/Top_Kernel/solution/.autopilot/db/top-io-fe.xml -mllvm -xcl-target=cpu -mllvm -hls-bitcode-version=3.1 -mllvm -reflow-enable-slave-interface-default-setting=true -mllvm -gen-kernel-xml=true -mllvm -default-maxi-offset=slave -mllvm -maxi-latency=64 -mllvm -hls-maxi-data-size-in-bits=8 -mllvm -hls-maxi-max-data-size-in-bits=1024 -mllvm -hls-max-widen-size-in-bits=512 -mllvm -xcl-kernel-max-mem-ports=0 -mllvm -maxi-read-trans=16 -mllvm -maxi-write-trans=16 -mllvm -maxi-read-burst-len=16 -mllvm -maxi-write-burst-len=16 -mllvm -reflow-enable-saxi-64bits=0 -mllvm -reflow-basic-block-instr-threshold=200000 -mllvm -reflow-auto-pipeline-threshold=64 -mllvm -assume-maxi-align=64 -mllvm -no-unaligned-maxi-accesses=false -mllvm -reflow-pipeline-style-llvm-setting=2 -mllvm -reflow-enable-dataflow-strict-mode-checking=1 -mllvm -reflow-auto-array-partition-mode=default -mllvm -reflow-enable-auto-array-partition=true -mllvm -reflow-enable-auto-parallel-performance-driven=true -mllvm -reflow-enable-partition-for-automation=true -mllvm -reflow-aggregate-bitwidth-threshold=4096 -mllvm -hls -mllvm -disable-inlined-alloca-merging=true -mllvm -enable-reflow-vitis-flow-setting=true -x ir /mnt/HLSNAS/04.HPOmGn/m111061549/BeamFormer/geqrf/_x_temp.sw_emu.xilinx_u50_gen3x16_xdma_5_202210_1/Top_Kernel/Top_Kernel/Top_Kernel/solution/.autopilot/db/a.g.ld.5.gdce.bc -o /mnt/HLSNAS/04.HPOmGn/m111061549/BeamFormer/geqrf/_x_temp.sw_emu.xilinx_u50_gen3x16_xdma_5_202210_1/Top_Kernel/Top_Kernel/Top_Kernel/solution/.autopilot/db/a.g.lto.bc -hls-platform-db-name=/opt/Xilinx/Vitis_HLS/2022.1/common/technology/xilinx/common/platform.db -hls-platform-name=virtexuplus_medium -device-resource-info=BRAM_2688.000000_DSP_5952.000000_FF_1743360.000000_LUT_871680.000000_SLICE_108960.000000_SLR_2.000000_URAM_640.000000 > /mnt/HLSNAS/04.HPOmGn/m111061549/BeamFormer/geqrf/_x_temp.sw_emu.xilinx_u50_gen3x16_xdma_5_202210_1/Top_Kernel/Top_Kernel/Top_Kernel/solution/.autopilot/db/a.g.ld.0.bc.clang.out.log 2> /mnt/HLSNAS/04.HPOmGn/m111061549/BeamFormer/geqrf/_x_temp.sw_emu.xilinx_u50_gen3x16_xdma_5_202210_1/Top_Kernel/Top_Kernel/Top_Kernel/solution/.autopilot/db/a.g.ld.0.bc.clang.err.log 
Command         ap_eval done; 0.45 sec.
Execute         source /opt/Xilinx/Vitis_HLS/2022.1/tps/tcl/tcllib1.11.1/yaml/yaml.tcl 
INFO: [HLS 214-178] Inlining function 'fp_struct<float>::data() const' into 'fp_struct<float>::to_float() const' (/wrk/ci/prod/2022.1/rdi_builds/continuous/2022_04_18_3526262/src/shared/hls/clib/src/hls/utils/x_hls_utils.h:351:0)
INFO: [HLS 214-178] Inlining function 'fp_struct<float>::to_float() const' into 'fp_struct<float>::to_ieee() const' (/wrk/ci/prod/2022.1/rdi_builds/continuous/2022_04_18_3526262/src/shared/hls/clib/src/hls/utils/x_hls_utils.h:375:0)
INFO: [HLS 214-178] Inlining function 'fp_struct<float>::fp_struct(float)' into 'float generic_copysign<float>(float, float)' (/wrk/ci/prod/2022.1/rdi_builds/continuous/2022_04_18_3526262/src/shared/hls/clib/hlsmath/include/FloatingPoint/hls_copysign.h:10:0)
INFO: [HLS 214-178] Inlining function 'fp_struct<float>::to_ieee() const' into 'float generic_copysign<float>(float, float)' (/wrk/ci/prod/2022.1/rdi_builds/continuous/2022_04_18_3526262/src/shared/hls/clib/hlsmath/include/FloatingPoint/hls_copysign.h:10:0)
INFO: [HLS 214-178] Inlining function 'float generic_copysign<float>(float, float)' into 'float generic_fabs<float>(float)' (/wrk/ci/prod/2022.1/rdi_builds/continuous/2022_04_18_3526262/src/shared/hls/clib/hlsmath/include/FloatingPoint/hls_fabs.h:12:0)
INFO: [HLS 214-178] Inlining function 'float generic_fabs<float>(float)' into 'hls::abs(float)' (/wrk/ci/prod/2022.1/rdi_builds/continuous/2022_04_18_3526262/src/shared/hls/clib/hlsmath/src/c++/absfloat.cpp:6:0)
INFO: [HLS 214-178] Inlining function 'xf::solver::x_sqrt(float)' into 'float xf::solver::qrf_magnitude<float>(std::complex<float>, std::complex<float>)' (/mnt/HLSNAS/04.HPOmGn/m111061549/BeamFormer/geqrf/hw/qrf.hpp:244:0)
INFO: [HLS 214-178] Inlining function 'float generic_copysign<float>(float, float)' into 'copysignf' (/wrk/ci/prod/2022.1/rdi_builds/continuous/2022_04_18_3526262/src/shared/hls/clib/hlsmath/src/c/copysignfloat.cpp:6:0)
INFO: [HLS 214-178] Inlining function 'copysignf' into 'xf::solver::x_copysign(float, float)' (/mnt/HLSNAS/04.HPOmGn/m111061549/BeamFormer/geqrf/hw/utils/x_matrix_utils.hpp:92:0)
INFO: [HLS 214-178] Inlining function 'std::complex<float> hls::x_conj<float>(std::complex<float> const&)' into 'std::complex<float> hls::x_conj<float>(std::complex<float>&)' (/opt/Xilinx/Vitis_HLS/2022.1/common/technology/autopilot/utils/std_complex_utils.h:130:0)
INFO: [HLS 214-178] Inlining function 'float xf::solver::qrf_magnitude<float>(std::complex<float>, std::complex<float>)' into 'void xf::solver::qrf_givens<float>(int, std::complex<float>, std::complex<float>, std::complex<float>&, std::complex<float>&, std::complex<float>&, std::complex<float>&, std::complex<float>&)' (/mnt/HLSNAS/04.HPOmGn/m111061549/BeamFormer/geqrf/hw/qrf.hpp:414:0)
INFO: [HLS 214-178] Inlining function 'bool xf::solver::is_zero<float>(float)' into 'void xf::solver::qrf_givens<float>(int, std::complex<float>, std::complex<float>, std::complex<float>&, std::complex<float>&, std::complex<float>&, std::complex<float>&, std::complex<float>&)' (/mnt/HLSNAS/04.HPOmGn/m111061549/BeamFormer/geqrf/hw/qrf.hpp:414:0)
INFO: [HLS 214-178] Inlining function 'xf::solver::x_copysign(float, float)' into 'void xf::solver::qrf_givens<float>(int, std::complex<float>, std::complex<float>, std::complex<float>&, std::complex<float>&, std::complex<float>&, std::complex<float>&, std::complex<float>&)' (/mnt/HLSNAS/04.HPOmGn/m111061549/BeamFormer/geqrf/hw/qrf.hpp:414:0)
INFO: [HLS 214-178] Inlining function 'std::complex<float> hls::x_conj<float>(std::complex<float>&)' into 'void xf::solver::qrf_givens<float>(int, std::complex<float>, std::complex<float>, std::complex<float>&, std::complex<float>&, std::complex<float>&, std::complex<float>&, std::complex<float>&)' (/mnt/HLSNAS/04.HPOmGn/m111061549/BeamFormer/geqrf/hw/qrf.hpp:414:0)
INFO: [HLS 214-178] Inlining function 'float hls::x_real<float>(std::complex<float> const&)' into 'void xf::solver::qrf_mm_or_mag<std::complex<float> >(std::complex<float> const (*) [2], std::complex<float>&, std::complex<float>&, std::complex<float>, int, int)' (/mnt/HLSNAS/04.HPOmGn/m111061549/BeamFormer/geqrf/hw/qrf.hpp:140:0)
INFO: [HLS 214-178] Inlining function 'void xf::solver::qrf_mm<std::complex<float> >(std::complex<float> const (*) [2], std::complex<float>&, std::complex<float>&)' into 'void xf::solver::qrf_alt<false, 100, 10, my_qrf_traits, std::complex<float>, std::complex<float> >(hls::stream<std::complex<float>, 0>&, hls::stream<std::complex<float>, 0>&, hls::stream<std::complex<float>, 0>&)' (/mnt/HLSNAS/04.HPOmGn/m111061549/BeamFormer/geqrf/hw/qrf.hpp:704:0)
INFO: [HLS 214-178] Inlining function 'std::complex<float> hls::x_conj<float>(std::complex<float>&)' into 'void xf::solver::qrf_alt<false, 100, 10, my_qrf_traits, std::complex<float>, std::complex<float> >(hls::stream<std::complex<float>, 0>&, hls::stream<std::complex<float>, 0>&, hls::stream<std::complex<float>, 0>&)' (/mnt/HLSNAS/04.HPOmGn/m111061549/BeamFormer/geqrf/hw/qrf.hpp:704:0)
INFO: [HLS 214-178] Inlining function 'void xf::solver::qrf<false, 100, 10, std::complex<float>, std::complex<float>, my_qrf_traits>(hls::stream<std::complex<float>, 0>&, hls::stream<std::complex<float>, 0>&, hls::stream<std::complex<float>, 0>&)' into 'QRF(hls::stream<std::complex<float>, 0>&, hls::stream<std::complex<float>, 0>&, hls::stream<std::complex<float>, 0>&)' (/mnt/HLSNAS/04.HPOmGn/m111061549/BeamFormer/geqrf/Top_Kernel.cpp:65:0)
INFO: [HLS 214-178] Inlining function 'Master2Stream(std::complex<float>*, hls::stream<std::complex<float>, 0>&, unsigned int, unsigned int)' into 'pass_dataflow(std::complex<float>*, std::complex<float>*, unsigned int, unsigned int, unsigned int, unsigned int, unsigned int, unsigned int)' (/mnt/HLSNAS/04.HPOmGn/m111061549/BeamFormer/geqrf/Top_Kernel.cpp:127:0)
INFO: [HLS 214-178] Inlining function 'QRF(hls::stream<std::complex<float>, 0>&, hls::stream<std::complex<float>, 0>&, hls::stream<std::complex<float>, 0>&)' into 'pass_dataflow(std::complex<float>*, std::complex<float>*, unsigned int, unsigned int, unsigned int, unsigned int, unsigned int, unsigned int)' (/mnt/HLSNAS/04.HPOmGn/m111061549/BeamFormer/geqrf/Top_Kernel.cpp:127:0)
INFO: [HLS 214-178] Inlining function 'qrf_transpose(hls::stream<std::complex<float>, 0>&, hls::stream<std::complex<float>, 0>&, std::complex<float> (*) [10], unsigned int, unsigned int, unsigned int, unsigned int)' into 'pass_dataflow(std::complex<float>*, std::complex<float>*, unsigned int, unsigned int, unsigned int, unsigned int, unsigned int, unsigned int)' (/mnt/HLSNAS/04.HPOmGn/m111061549/BeamFormer/geqrf/Top_Kernel.cpp:127:0)
INFO-FLOW: DBG:PUTS: copy_raw_kernel_xml ap_link_39: copying raw kernel.xml: /mnt/HLSNAS/04.HPOmGn/m111061549/BeamFormer/geqrf/_x_temp.sw_emu.xilinx_u50_gen3x16_xdma_5_202210_1/Top_Kernel/Top_Kernel/Top_Kernel/solution/.autopilot/db/../../../kernel.xml -> /mnt/HLSNAS/04.HPOmGn/m111061549/BeamFormer/geqrf/_x_temp.sw_emu.xilinx_u50_gen3x16_xdma_5_202210_1/Top_Kernel/Top_Kernel/Top_Kernel/solution/.autopilot/db/kernel.internal.xml
INFO: [HLS 200-111] Finished Compiling Optimization and Transform: CPU user time: 2.55 seconds. CPU system time: 0.22 seconds. Elapsed time: 3.22 seconds; current allocated memory: 215.383 MB.
INFO: [HLS 200-111] Finished Checking Pragmas: CPU user time: 0 seconds. CPU system time: 0 seconds. Elapsed time: 0 seconds; current allocated memory: 215.383 MB.
Command       elaborate done; 13.76 sec.
Execute       ap_eval exec zip -j /mnt/HLSNAS/04.HPOmGn/m111061549/BeamFormer/geqrf/_x_temp.sw_emu.xilinx_u50_gen3x16_xdma_5_202210_1/Top_Kernel/Top_Kernel/Top_Kernel/solution/.autopilot/db/dut.hcp $dbDir/a.o.3.bc $dbDir/${topname}.rtl_wrap.cfg.tcl $dbDir/apatb_${topname}.cpp $dbDir/apatb_${topname}_util.cpp $dbDir/apatb_${topname}_ir.ll $dbDir/mapper_${topname}.cpp $dbDir/top-io-fe.xml $dbDir/kernel.internal.xml $workdir/../hls.app 
Execute       send_msg_by_id INFO @200-1493@ 
INFO: [HLS 200-1493] Running only source code synthesis checks, skipping scheduling and RTL generation.
Execute       get_solution -flow_target 
INFO-FLOW: DBG:PUTS:       kernel.xml check internal_kernel_xml(1)=/mnt/HLSNAS/04.HPOmGn/m111061549/BeamFormer/geqrf/_x_temp.sw_emu.xilinx_u50_gen3x16_xdma_5_202210_1/Top_Kernel/Top_Kernel/Top_Kernel/solution/.autopilot/db/kernel.internal.xml top=Top_Kernel
INFO-FLOW: DBG:PUTS:       kernel.xml check proj_kernel_xml    (1)=/mnt/HLSNAS/04.HPOmGn/m111061549/BeamFormer/geqrf/_x_temp.sw_emu.xilinx_u50_gen3x16_xdma_5_202210_1/Top_Kernel/Top_Kernel/Top_Kernel/solution/.autopilot/db/../../../kernel.xml
INFO-FLOW: DBG:PUTS:       copy internal kernel.xml to project: /mnt/HLSNAS/04.HPOmGn/m111061549/BeamFormer/geqrf/_x_temp.sw_emu.xilinx_u50_gen3x16_xdma_5_202210_1/Top_Kernel/Top_Kernel/Top_Kernel/solution/.autopilot/db/../../../kernel.xml
INFO-FLOW: DBG:PUTS:       update_final_kernel_xml /mnt/HLSNAS/04.HPOmGn/m111061549/BeamFormer/geqrf/_x_temp.sw_emu.xilinx_u50_gen3x16_xdma_5_202210_1/Top_Kernel/Top_Kernel/Top_Kernel/solution/.autopilot/db/../../../kernel.xml
Execute       get_config_debug -enable 
Execute       get_config_export -vendor 
Execute       get_config_export -library 
Execute       get_config_export -version 
Execute       get_config_export -ipname 
Execute       get_config_export -taxonomy 
Execute       get_config_export -description 
Execute       get_config_export -display_name 
Execute       get_config_interface -s_axilite_sw_reset 
Execute       get_config_interface -s_axilite_mailbox 
Execute       get_config_interface -s_axilite_auto_restart_counter 
Execute       get_config_export -deadlock_detection 
INFO-FLOW: DBG:PUTS: Updating /mnt/HLSNAS/04.HPOmGn/m111061549/BeamFormer/geqrf/_x_temp.sw_emu.xilinx_u50_gen3x16_xdma_5_202210_1/Top_Kernel/Top_Kernel/Top_Kernel/solution/.autopilot/db/../../../kernel.xml with values: interrupt true debug false compileOptions {-I /ext -I /mnt/HLSNAS/04.HPOmGn/m111061549/BeamFormer/geqrf} name Top_Kernel vlnv xilinx.com:hls:Top_Kernel:1.0 swReset false mailbox none countedAutoRestart 0 deadlockDetection local
Command     csynth_design done; 13.79 sec.
INFO: [HLS 200-111] Finished Command csynth_design CPU user time: 13.26 seconds. CPU system time: 0.72 seconds. Elapsed time: 13.79 seconds; current allocated memory: -1027.945 MB.
Execute     close_project 
INFO: [HLS 200-1510] Running: close_project 
Execute       close_solution 
Execute         cleanup_all 
Execute         cleanup_all 
