
*** Running vitis_hls
    with args -f Top_Kernel.tcl -messageDb vitis_hls.pb


****** Vitis HLS - High-Level Synthesis from C, C++ and OpenCL v2022.1 (64-bit)
  **** SW Build 3526262 on Mon Apr 18 15:47:01 MDT 2022
  **** IP Build 3524634 on Mon Apr 18 20:55:01 MDT 2022
    ** Copyright 1986-2022 Xilinx, Inc. All Rights Reserved.

source /opt/Xilinx/Vitis_HLS/2022.1/scripts/vitis_hls/hls.tcl -notrace
INFO: [HLS 200-10] Running '/opt/Xilinx/Vitis_HLS/2022.1/bin/unwrapped/lnx64.o/vitis_hls'
INFO: [HLS 200-10] For user '04.HPOmGn' on host 'HLS04' (Linux_x86_64 version 5.8.0-41-generic) on Tue Jun 13 16:00:16 CST 2023
INFO: [HLS 200-10] On os Ubuntu 20.04.4 LTS
INFO: [HLS 200-10] In directory '/mnt/HLSNAS/04.HPOmGn/m111061549/BeamFormer/geqrf/_x_temp.sw_emu.xilinx_u50_gen3x16_xdma_5_202210_1/Top_Kernel/Top_Kernel'
Sourcing Tcl script 'Top_Kernel.tcl'
INFO: [HLS 200-1510] Running: open_project Top_Kernel 
INFO: [HLS 200-10] Creating and opening project '/mnt/HLSNAS/04.HPOmGn/m111061549/BeamFormer/geqrf/_x_temp.sw_emu.xilinx_u50_gen3x16_xdma_5_202210_1/Top_Kernel/Top_Kernel/Top_Kernel'.
INFO: [HLS 200-1510] Running: set_top Top_Kernel 
INFO: [HLS 200-1510] Running: add_files /mnt/HLSNAS/04.HPOmGn/m111061549/BeamFormer/geqrf/Top_Kernel.cpp -cflags  -I /ext -I /mnt/HLSNAS/04.HPOmGn/m111061549/BeamFormer/geqrf 
INFO: [HLS 200-10] Adding design file '/mnt/HLSNAS/04.HPOmGn/m111061549/BeamFormer/geqrf/Top_Kernel.cpp' to the project
INFO: [HLS 200-1510] Running: open_solution -flow_target vitis solution 
INFO: [HLS 200-10] Creating and opening solution '/mnt/HLSNAS/04.HPOmGn/m111061549/BeamFormer/geqrf/_x_temp.sw_emu.xilinx_u50_gen3x16_xdma_5_202210_1/Top_Kernel/Top_Kernel/Top_Kernel/solution'.
INFO: [HLS 200-1505] Using flow_target 'vitis'
Resolution: For help on HLS 200-1505 see www.xilinx.com/cgi-bin/docs/rdoc?v=2022.1;t=hls+guidance;d=200-1505.html
INFO: [HLS 200-435] Setting 'open_solution -flow_target vitis' configuration: config_interface -m_axi_latency=64
INFO: [HLS 200-435] Setting 'open_solution -flow_target vitis' configuration: config_interface -m_axi_alignment_byte_size=64
INFO: [HLS 200-435] Setting 'open_solution -flow_target vitis' configuration: config_interface -m_axi_max_widen_bitwidth=512
INFO: [HLS 200-435] Setting 'open_solution -flow_target vitis' configuration: config_rtl -register_reset_num=3
INFO: [HLS 200-1510] Running: set_part xcu50-fsvh2104-2-e 
INFO: [HLS 200-1611] Setting target device to 'xcu50-fsvh2104-2-e'
INFO: [HLS 200-1510] Running: create_clock -period 300.000000MHz -name default 
INFO: [SYN 201-201] Setting up clock 'default' with a period of 3.333ns.
INFO: [HLS 200-1510] Running: config_dataflow -strict_mode warning 
INFO: [HLS 200-1510] Running: config_export -deadlock_detection none 
WARNING: [HLS 200-483] The 'config_export -deadlock_detection' command is deprecated and will be removed in a future release. Use 'config_rtl -deadlock_detection' as its replacement.
INFO: [HLS 200-1907] Replacing 'config_export -deadlock_detection=none' with 'config_rtl -deadlock_detection=none' in current solution file
INFO: [HLS 200-1510] Running: config_interface -m_axi_conservative_mode=1 
INFO: [HLS 200-1510] Running: config_interface -m_axi_addr64 
INFO: [HLS 200-1510] Running: config_interface -m_axi_auto_max_ports=0 
INFO: [HLS 200-1510] Running: config_export -format xo -ipname Top_Kernel 
INFO: [HLS 200-1907] Replacing 'config_export -deadlock_detection=none' with 'config_rtl -deadlock_detection=none' in current solution file
INFO: [HLS 200-1510] Running: csynth_design -synthesis_check 
INFO: [HLS 200-111] Finished File checks and directory preparation: CPU user time: 0.01 seconds. CPU system time: 0 seconds. Elapsed time: 0.01 seconds; current allocated memory: 1.214 GB.
INFO: [HLS 200-10] Analyzing design file '/mnt/HLSNAS/04.HPOmGn/m111061549/BeamFormer/geqrf/Top_Kernel.cpp' ... 
WARNING: [HLS 207-5570] unknown HLS pragma ignored (/mnt/HLSNAS/04.HPOmGn/m111061549/BeamFormer/geqrf/Top_Kernel.cpp:172:9)
WARNING: [HLS 207-5557] Only for/while loops support the 'loop_tripcount' (/mnt/HLSNAS/04.HPOmGn/m111061549/BeamFormer/geqrf/hw/qrf.hpp:787:9)
WARNING: [HLS 207-5292] unused parameter 'rows' (/mnt/HLSNAS/04.HPOmGn/m111061549/BeamFormer/geqrf/hw/qrf.hpp:70:38)
WARNING: [HLS 207-5292] unused parameter 'cols' (/mnt/HLSNAS/04.HPOmGn/m111061549/BeamFormer/geqrf/hw/qrf.hpp:70:54)
WARNING: [HLS 207-5292] unused parameter 'x' (/mnt/HLSNAS/04.HPOmGn/m111061549/BeamFormer/geqrf/hw/qrf.hpp:70:62)
WARNING: [HLS 207-5292] unused parameter 'x' (/mnt/HLSNAS/04.HPOmGn/m111061549/BeamFormer/geqrf/hw/qrf.hpp:76:78)
WARNING: [HLS 207-5292] unused parameter 'x' (/mnt/HLSNAS/04.HPOmGn/m111061549/BeamFormer/geqrf/hw/qrf.hpp:87:76)
WARNING: [HLS 207-5292] unused parameter 'extra_pass' (/mnt/HLSNAS/04.HPOmGn/m111061549/BeamFormer/geqrf/hw/qrf.hpp:306:21)
INFO: [HLS 200-111] Finished Source Code Analysis and Preprocessing: CPU user time: 10.7 seconds. CPU system time: 0.49 seconds. Elapsed time: 10.52 seconds; current allocated memory: 214.750 MB.
INFO: [HLS 200-777] Using interface defaults for 'Vitis' flow target.
INFO: [HLS 214-178] Inlining function 'fp_struct<float>::data() const' into 'fp_struct<float>::to_float() const' (/wrk/ci/prod/2022.1/rdi_builds/continuous/2022_04_18_3526262/src/shared/hls/clib/src/hls/utils/x_hls_utils.h:351:0)
INFO: [HLS 214-178] Inlining function 'fp_struct<float>::to_float() const' into 'fp_struct<float>::to_ieee() const' (/wrk/ci/prod/2022.1/rdi_builds/continuous/2022_04_18_3526262/src/shared/hls/clib/src/hls/utils/x_hls_utils.h:375:0)
INFO: [HLS 214-178] Inlining function 'fp_struct<float>::fp_struct(float)' into 'float generic_copysign<float>(float, float)' (/wrk/ci/prod/2022.1/rdi_builds/continuous/2022_04_18_3526262/src/shared/hls/clib/hlsmath/include/FloatingPoint/hls_copysign.h:10:0)
INFO: [HLS 214-178] Inlining function 'fp_struct<float>::to_ieee() const' into 'float generic_copysign<float>(float, float)' (/wrk/ci/prod/2022.1/rdi_builds/continuous/2022_04_18_3526262/src/shared/hls/clib/hlsmath/include/FloatingPoint/hls_copysign.h:10:0)
INFO: [HLS 214-178] Inlining function 'float generic_copysign<float>(float, float)' into 'float generic_fabs<float>(float)' (/wrk/ci/prod/2022.1/rdi_builds/continuous/2022_04_18_3526262/src/shared/hls/clib/hlsmath/include/FloatingPoint/hls_fabs.h:12:0)
INFO: [HLS 214-178] Inlining function 'float generic_fabs<float>(float)' into 'hls::abs(float)' (/wrk/ci/prod/2022.1/rdi_builds/continuous/2022_04_18_3526262/src/shared/hls/clib/hlsmath/src/c++/absfloat.cpp:6:0)
INFO: [HLS 214-178] Inlining function 'xf::solver::x_sqrt(float)' into 'float xf::solver::qrf_magnitude<float>(std::complex<float>, std::complex<float>)' (/mnt/HLSNAS/04.HPOmGn/m111061549/BeamFormer/geqrf/hw/qrf.hpp:244:0)
INFO: [HLS 214-178] Inlining function 'float generic_copysign<float>(float, float)' into 'copysignf' (/wrk/ci/prod/2022.1/rdi_builds/continuous/2022_04_18_3526262/src/shared/hls/clib/hlsmath/src/c/copysignfloat.cpp:6:0)
INFO: [HLS 214-178] Inlining function 'copysignf' into 'xf::solver::x_copysign(float, float)' (/mnt/HLSNAS/04.HPOmGn/m111061549/BeamFormer/geqrf/hw/utils/x_matrix_utils.hpp:92:0)
INFO: [HLS 214-178] Inlining function 'std::complex<float> hls::x_conj<float>(std::complex<float> const&)' into 'std::complex<float> hls::x_conj<float>(std::complex<float>&)' (/opt/Xilinx/Vitis_HLS/2022.1/common/technology/autopilot/utils/std_complex_utils.h:130:0)
INFO: [HLS 214-178] Inlining function 'float xf::solver::qrf_magnitude<float>(std::complex<float>, std::complex<float>)' into 'void xf::solver::qrf_givens<float>(int, std::complex<float>, std::complex<float>, std::complex<float>&, std::complex<float>&, std::complex<float>&, std::complex<float>&, std::complex<float>&)' (/mnt/HLSNAS/04.HPOmGn/m111061549/BeamFormer/geqrf/hw/qrf.hpp:414:0)
INFO: [HLS 214-178] Inlining function 'bool xf::solver::is_zero<float>(float)' into 'void xf::solver::qrf_givens<float>(int, std::complex<float>, std::complex<float>, std::complex<float>&, std::complex<float>&, std::complex<float>&, std::complex<float>&, std::complex<float>&)' (/mnt/HLSNAS/04.HPOmGn/m111061549/BeamFormer/geqrf/hw/qrf.hpp:414:0)
INFO: [HLS 214-178] Inlining function 'xf::solver::x_copysign(float, float)' into 'void xf::solver::qrf_givens<float>(int, std::complex<float>, std::complex<float>, std::complex<float>&, std::complex<float>&, std::complex<float>&, std::complex<float>&, std::complex<float>&)' (/mnt/HLSNAS/04.HPOmGn/m111061549/BeamFormer/geqrf/hw/qrf.hpp:414:0)
INFO: [HLS 214-178] Inlining function 'std::complex<float> hls::x_conj<float>(std::complex<float>&)' into 'void xf::solver::qrf_givens<float>(int, std::complex<float>, std::complex<float>, std::complex<float>&, std::complex<float>&, std::complex<float>&, std::complex<float>&, std::complex<float>&)' (/mnt/HLSNAS/04.HPOmGn/m111061549/BeamFormer/geqrf/hw/qrf.hpp:414:0)
INFO: [HLS 214-178] Inlining function 'float hls::x_real<float>(std::complex<float> const&)' into 'void xf::solver::qrf_mm_or_mag<std::complex<float> >(std::complex<float> const (*) [2], std::complex<float>&, std::complex<float>&, std::complex<float>, int, int)' (/mnt/HLSNAS/04.HPOmGn/m111061549/BeamFormer/geqrf/hw/qrf.hpp:140:0)
INFO: [HLS 214-178] Inlining function 'void xf::solver::qrf_mm<std::complex<float> >(std::complex<float> const (*) [2], std::complex<float>&, std::complex<float>&)' into 'void xf::solver::qrf_alt<false, 100, 10, my_qrf_traits, std::complex<float>, std::complex<float> >(hls::stream<std::complex<float>, 0>&, hls::stream<std::complex<float>, 0>&, hls::stream<std::complex<float>, 0>&)' (/mnt/HLSNAS/04.HPOmGn/m111061549/BeamFormer/geqrf/hw/qrf.hpp:704:0)
INFO: [HLS 214-178] Inlining function 'std::complex<float> hls::x_conj<float>(std::complex<float>&)' into 'void xf::solver::qrf_alt<false, 100, 10, my_qrf_traits, std::complex<float>, std::complex<float> >(hls::stream<std::complex<float>, 0>&, hls::stream<std::complex<float>, 0>&, hls::stream<std::complex<float>, 0>&)' (/mnt/HLSNAS/04.HPOmGn/m111061549/BeamFormer/geqrf/hw/qrf.hpp:704:0)
INFO: [HLS 214-178] Inlining function 'void xf::solver::qrf<false, 100, 10, std::complex<float>, std::complex<float>, my_qrf_traits>(hls::stream<std::complex<float>, 0>&, hls::stream<std::complex<float>, 0>&, hls::stream<std::complex<float>, 0>&)' into 'QRF(hls::stream<std::complex<float>, 0>&, hls::stream<std::complex<float>, 0>&, hls::stream<std::complex<float>, 0>&)' (/mnt/HLSNAS/04.HPOmGn/m111061549/BeamFormer/geqrf/Top_Kernel.cpp:65:0)
INFO: [HLS 214-178] Inlining function 'Master2Stream(std::complex<float>*, hls::stream<std::complex<float>, 0>&, unsigned int, unsigned int)' into 'pass_dataflow(std::complex<float>*, std::complex<float>*, unsigned int, unsigned int, unsigned int, unsigned int, unsigned int, unsigned int)' (/mnt/HLSNAS/04.HPOmGn/m111061549/BeamFormer/geqrf/Top_Kernel.cpp:127:0)
INFO: [HLS 214-178] Inlining function 'QRF(hls::stream<std::complex<float>, 0>&, hls::stream<std::complex<float>, 0>&, hls::stream<std::complex<float>, 0>&)' into 'pass_dataflow(std::complex<float>*, std::complex<float>*, unsigned int, unsigned int, unsigned int, unsigned int, unsigned int, unsigned int)' (/mnt/HLSNAS/04.HPOmGn/m111061549/BeamFormer/geqrf/Top_Kernel.cpp:127:0)
INFO: [HLS 214-178] Inlining function 'qrf_transpose(hls::stream<std::complex<float>, 0>&, hls::stream<std::complex<float>, 0>&, std::complex<float> (*) [10], unsigned int, unsigned int, unsigned int, unsigned int)' into 'pass_dataflow(std::complex<float>*, std::complex<float>*, unsigned int, unsigned int, unsigned int, unsigned int, unsigned int, unsigned int)' (/mnt/HLSNAS/04.HPOmGn/m111061549/BeamFormer/geqrf/Top_Kernel.cpp:127:0)
INFO: [HLS 200-111] Finished Compiling Optimization and Transform: CPU user time: 2.55 seconds. CPU system time: 0.22 seconds. Elapsed time: 3.22 seconds; current allocated memory: 215.383 MB.
INFO: [HLS 200-111] Finished Checking Pragmas: CPU user time: 0 seconds. CPU system time: 0 seconds. Elapsed time: 0 seconds; current allocated memory: 215.383 MB.
INFO: [HLS 200-1493] Running only source code synthesis checks, skipping scheduling and RTL generation.
INFO: [HLS 200-111] Finished Command csynth_design CPU user time: 13.26 seconds. CPU system time: 0.72 seconds. Elapsed time: 13.79 seconds; current allocated memory: -1027.945 MB.
INFO: [HLS 200-1510] Running: close_project 
HLS completed successfully
INFO: [HLS 200-112] Total CPU user time: 14.33 seconds. Total CPU system time: 0.99 seconds. Total elapsed time: 14.76 seconds; peak allocated memory: 1.214 GB.
INFO: [Common 17-206] Exiting vitis_hls at Tue Jun 13 16:00:31 2023...
