==============================================================
Vitis HLS - High-Level Synthesis from C, C++ and OpenCL v2022.1 (64-bit)
Tool Version Limit: 2022.04
Copyright 1986-2022 Xilinx, Inc. All Rights Reserved.
==============================================================
INFO: [HLS 200-1505] Using flow_target 'vitis'
INFO: [HLS 200-435] Setting 'open_solution -flow_target vitis' configuration: config_interface -m_axi_latency=64
INFO: [HLS 200-435] Setting 'open_solution -flow_target vitis' configuration: config_interface -m_axi_alignment_byte_size=64
INFO: [HLS 200-435] Setting 'open_solution -flow_target vitis' configuration: config_interface -m_axi_max_widen_bitwidth=512
INFO: [HLS 200-435] Setting 'open_solution -flow_target vitis' configuration: config_rtl -register_reset_num=3
INFO: [HLS 200-1510] Running: set_part xcu50-fsvh2104-2-e 
INFO: [HLS 200-1611] Setting target device to 'xcu50-fsvh2104-2-e'
INFO: [HLS 200-1510] Running: create_clock -period 300.000000MHz -name default 
INFO: [SYN 201-201] Setting up clock 'default' with a period of 3.333ns.
INFO: [HLS 200-1510] Running: config_dataflow -strict_mode warning 
INFO: [HLS 200-1510] Running: config_export -deadlock_detection none 
WARNING: [HLS 200-483] The 'config_export -deadlock_detection' command is deprecated and will be removed in a future release. Use 'config_rtl -deadlock_detection' as its replacement.
INFO: [HLS 200-1907] Replacing 'config_export -deadlock_detection=none' with 'config_rtl -deadlock_detection=none' in current solution file
INFO: [HLS 200-1510] Running: config_interface -m_axi_conservative_mode=1 
INFO: [HLS 200-1510] Running: config_interface -m_axi_addr64 
INFO: [HLS 200-1510] Running: config_interface -m_axi_auto_max_ports=0 
INFO: [HLS 200-1510] Running: config_export -format xo -ipname Top_Kernel 
INFO: [HLS 200-1907] Replacing 'config_export -deadlock_detection=none' with 'config_rtl -deadlock_detection=none' in current solution file
INFO: [HLS 200-1510] Running: csynth_design -synthesis_check 
INFO: [HLS 200-111] Finished File checks and directory preparation: CPU user time: 0.01 seconds. CPU system time: 0 seconds. Elapsed time: 0.01 seconds; current allocated memory: 1.214 GB.
INFO: [HLS 200-10] Analyzing design file '/mnt/HLSNAS/04.HPOmGn/m111061549/BeamFormer/geqrf/Top_Kernel.cpp' ... 
WARNING: [HLS 207-5570] unknown HLS pragma ignored (/mnt/HLSNAS/04.HPOmGn/m111061549/BeamFormer/geqrf/Top_Kernel.cpp:172:9)
WARNING: [HLS 207-5557] Only for/while loops support the 'loop_tripcount' (/mnt/HLSNAS/04.HPOmGn/m111061549/BeamFormer/geqrf/hw/qrf.hpp:787:9)
WARNING: [HLS 207-5292] unused parameter 'rows' (/mnt/HLSNAS/04.HPOmGn/m111061549/BeamFormer/geqrf/hw/qrf.hpp:70:38)
WARNING: [HLS 207-5292] unused parameter 'cols' (/mnt/HLSNAS/04.HPOmGn/m111061549/BeamFormer/geqrf/hw/qrf.hpp:70:54)
WARNING: [HLS 207-5292] unused parameter 'x' (/mnt/HLSNAS/04.HPOmGn/m111061549/BeamFormer/geqrf/hw/qrf.hpp:70:62)
WARNING: [HLS 207-5292] unused parameter 'x' (/mnt/HLSNAS/04.HPOmGn/m111061549/BeamFormer/geqrf/hw/qrf.hpp:76:78)
WARNING: [HLS 207-5292] unused parameter 'x' (/mnt/HLSNAS/04.HPOmGn/m111061549/BeamFormer/geqrf/hw/qrf.hpp:87:76)
WARNING: [HLS 207-5292] unused parameter 'extra_pass' (/mnt/HLSNAS/04.HPOmGn/m111061549/BeamFormer/geqrf/hw/qrf.hpp:306:21)
INFO: [HLS 200-111] Finished Source Code Analysis and Preprocessing: CPU user time: 10.7 seconds. CPU system time: 0.49 seconds. Elapsed time: 10.52 seconds; current allocated memory: 214.750 MB.
INFO: [HLS 200-777] Using interface defaults for 'Vitis' flow target.
INFO: [HLS 214-178] Inlining function 'fp_struct<float>::data() const' into 'fp_struct<float>::to_float() const' (/wrk/ci/prod/2022.1/rdi_builds/continuous/2022_04_18_3526262/src/shared/hls/clib/src/hls/utils/x_hls_utils.h:351:0)
INFO: [HLS 214-178] Inlining function 'fp_struct<float>::to_float() const' into 'fp_struct<float>::to_ieee() const' (/wrk/ci/prod/2022.1/rdi_builds/continuous/2022_04_18_3526262/src/shared/hls/clib/src/hls/utils/x_hls_utils.h:375:0)
INFO: [HLS 214-178] Inlining function 'fp_struct<float>::fp_struct(float)' into 'float generic_copysign<float>(float, float)' (/wrk/ci/prod/2022.1/rdi_builds/continuous/2022_04_18_3526262/src/shared/hls/clib/hlsmath/include/FloatingPoint/hls_copysign.h:10:0)
INFO: [HLS 214-178] Inlining function 'fp_struct<float>::to_ieee() const' into 'float generic_copysign<float>(float, float)' (/wrk/ci/prod/2022.1/rdi_builds/continuous/2022_04_18_3526262/src/shared/hls/clib/hlsmath/include/FloatingPoint/hls_copysign.h:10:0)
INFO: [HLS 214-178] Inlining function 'float generic_copysign<float>(float, float)' into 'float generic_fabs<float>(float)' (/wrk/ci/prod/2022.1/rdi_builds/continuous/2022_04_18_3526262/src/shared/hls/clib/hlsmath/include/FloatingPoint/hls_fabs.h:12:0)
INFO: [HLS 214-178] Inlining function 'float generic_fabs<float>(float)' into 'hls::abs(float)' (/wrk/ci/prod/2022.1/rdi_builds/continuous/2022_04_18_3526262/src/shared/hls/clib/hlsmath/src/c++/absfloat.cpp:6:0)
INFO: [HLS 214-178] Inlining function 'xf::solver::x_sqrt(float)' into 'float xf::solver::qrf_magnitude<float>(std::complex<float>, std::complex<float>)' (/mnt/HLSNAS/04.HPOmGn/m111061549/BeamFormer/geqrf/hw/qrf.hpp:244:0)
INFO: [HLS 214-178] Inlining function 'float generic_copysign<float>(float, float)' into 'copysignf' (/wrk/ci/prod/2022.1/rdi_builds/continuous/2022_04_18_3526262/src/shared/hls/clib/hlsmath/src/c/copysignfloat.cpp:6:0)
INFO: [HLS 214-178] Inlining function 'copysignf' into 'xf::solver::x_copysign(float, float)' (/mnt/HLSNAS/04.HPOmGn/m111061549/BeamFormer/geqrf/hw/utils/x_matrix_utils.hpp:92:0)
INFO: [HLS 214-178] Inlining function 'std::complex<float> hls::x_conj<float>(std::complex<float> const&)' into 'std::complex<float> hls::x_conj<float>(std::complex<float>&)' (/opt/Xilinx/Vitis_HLS/2022.1/common/technology/autopilot/utils/std_complex_utils.h:130:0)
INFO: [HLS 214-178] Inlining function 'float xf::solver::qrf_magnitude<float>(std::complex<float>, std::complex<float>)' into 'void xf::solver::qrf_givens<float>(int, std::complex<float>, std::complex<float>, std::complex<float>&, std::complex<float>&, std::complex<float>&, std::complex<float>&, std::complex<float>&)' (/mnt/HLSNAS/04.HPOmGn/m111061549/BeamFormer/geqrf/hw/qrf.hpp:414:0)
INFO: [HLS 214-178] Inlining function 'bool xf::solver::is_zero<float>(float)' into 'void xf::solver::qrf_givens<float>(int, std::complex<float>, std::complex<float>, std::complex<float>&, std::complex<float>&, std::complex<float>&, std::complex<float>&, std::complex<float>&)' (/mnt/HLSNAS/04.HPOmGn/m111061549/BeamFormer/geqrf/hw/qrf.hpp:414:0)
INFO: [HLS 214-178] Inlining function 'xf::solver::x_copysign(float, float)' into 'void xf::solver::qrf_givens<float>(int, std::complex<float>, std::complex<float>, std::complex<float>&, std::complex<float>&, std::complex<float>&, std::complex<float>&, std::complex<float>&)' (/mnt/HLSNAS/04.HPOmGn/m111061549/BeamFormer/geqrf/hw/qrf.hpp:414:0)
INFO: [HLS 214-178] Inlining function 'std::complex<float> hls::x_conj<float>(std::complex<float>&)' into 'void xf::solver::qrf_givens<float>(int, std::complex<float>, std::complex<float>, std::complex<float>&, std::complex<float>&, std::complex<float>&, std::complex<float>&, std::complex<float>&)' (/mnt/HLSNAS/04.HPOmGn/m111061549/BeamFormer/geqrf/hw/qrf.hpp:414:0)
INFO: [HLS 214-178] Inlining function 'float hls::x_real<float>(std::complex<float> const&)' into 'void xf::solver::qrf_mm_or_mag<std::complex<float> >(std::complex<float> const (*) [2], std::complex<float>&, std::complex<float>&, std::complex<float>, int, int)' (/mnt/HLSNAS/04.HPOmGn/m111061549/BeamFormer/geqrf/hw/qrf.hpp:140:0)
INFO: [HLS 214-178] Inlining function 'void xf::solver::qrf_mm<std::complex<float> >(std::complex<float> const (*) [2], std::complex<float>&, std::complex<float>&)' into 'void xf::solver::qrf_alt<false, 100, 10, my_qrf_traits, std::complex<float>, std::complex<float> >(hls::stream<std::complex<float>, 0>&, hls::stream<std::complex<float>, 0>&, hls::stream<std::complex<float>, 0>&)' (/mnt/HLSNAS/04.HPOmGn/m111061549/BeamFormer/geqrf/hw/qrf.hpp:704:0)
INFO: [HLS 214-178] Inlining function 'std::complex<float> hls::x_conj<float>(std::complex<float>&)' into 'void xf::solver::qrf_alt<false, 100, 10, my_qrf_traits, std::complex<float>, std::complex<float> >(hls::stream<std::complex<float>, 0>&, hls::stream<std::complex<float>, 0>&, hls::stream<std::complex<float>, 0>&)' (/mnt/HLSNAS/04.HPOmGn/m111061549/BeamFormer/geqrf/hw/qrf.hpp:704:0)
