Copyright 1986-2022 Xilinx, Inc. All Rights Reserved.
------------------------------------------------------------------------------------
| Tool Version : Vivado v.2022.1 (lin64) Build 3526262 Mon Apr 18 15:47:01 MDT 2022
| Date         : Mon Jun 19 04:25:09 2023
| Host         : HLS03 running 64-bit Ubuntu 20.04.3 LTS
| Command      : report_qor_assessment -file qor_assessment_post_route_design.rpt
| Design       : level0_wrapper
| Device       : xcu50-fsvh2104-2-e
| Speed File   : -2
| Design State : Routed
------------------------------------------------------------------------------------

Report QoR Assessment

Table of Contents
-----------------
1. Overall Assessment Summary for level0_i/ulp
2. QoR Assessment Details for level0_i/ulp
3. Methodology Check Details for level0_i/ulp

1. Overall Assessment Summary for level0_i/ulp
----------------------------------------------

+----------------------+-----------------------------------------------------------------------------------------------+
| QoR Assessment Score | 4 - Design runs have a good chance of success                                                 |
+----------------------+-----------------------------------------------------------------------------------------------+
| Flow Guidance        | Run report_methodology and fix or waive warnings                                              |
|                      | Run report_qor_suggestions to generate suggestions. They may indirectly improve REVIEW items. |
|                      | To see critical timing paths examine the CSV file containing timing paths.                    |
+----------------------+-----------------------------------------------------------------------------------------------+


2. QoR Assessment Details for level0_i/ulp
------------------------------------------

+-------------+-----------+--------+------+-----------+--------+
| Name        | Threshold | Actual | Used | Available | Status |
+-------------+-----------+--------+------+-----------+--------+
| Utilization |           |        |      |           |     OK |
| Clocking    |           |        |      |           |     OK |
| Congestion  |           |        |      |           |     OK |
| Timing      |           |        |      |           |        |
|   WNS       |     0.000 | -0.012 |   -  |        -  | REVIEW |
|   TNS       |     0.000 | -0.016 |   -  |        -  | REVIEW |
+-------------+-----------+--------+------+-----------+--------+


3. Methodology Check Details for level0_i/ulp
---------------------------------------------

+----------+-------------------+-------------+----------------------+
| ID       | Description       | Criticality | Number of Violations |
+----------+-------------------+-------------+----------------------+
| TIMING-9 | Unknown CDC Logic | Warning     | 1                    |
+----------+-------------------+-------------+----------------------+


