Copyright 1986-2022 Xilinx, Inc. All Rights Reserved.
---------------------------------------------------------------------------------------------------------------------------------------------------------------------------------
| Tool Version : Vivado v.2022.1 (lin64) Build 3526262 Mon Apr 18 15:47:01 MDT 2022
| Date         : Wed Jun 14 11:36:51 2023
| Host         : HLS04 running 64-bit Ubuntu 20.04.4 LTS
| Command      : report_accelerator_utilization -kernels { Top_Kernel:level0_i/ulp/Top_Kernel_1/inst:Top_Kernel_1} -file kernel_util_synthed.rpt -name kernel_util_synthed -json
| Design       : level0_wrapper
| Device       : xcu50
| Design State : Synthesized
---------------------------------------------------------------------------------------------------------------------------------------------------------------------------------

Accelerator Utilization Design Information

Table of Contents
-----------------
1. System Utilization

1. System Utilization
---------------------

+---------------------+------------------+------------------+-------------------+----------------+---------------+----------------+
| Name                | LUT              | LUTAsMem         | REG               | BRAM           | URAM          | DSP            |
+---------------------+------------------+------------------+-------------------+----------------+---------------+----------------+
| Platform            | 145450 [ 16.70%] |  13553 [  3.37%] |  173948 [  9.98%] |  181 [ 13.47%] |   4 [  0.63%] |    4 [  0.07%] |
| User Budget         | 725270 [100.00%] | 389167 [100.00%] | 1569412 [100.00%] | 1163 [100.00%] | 636 [100.00%] | 5948 [100.00%] |
|    Used Resources   |  15775 [  2.18%] |   1935 [  0.50%] |   16999 [  1.08%] |   34 [  2.92%] |   0 [  0.00%] |   56 [  0.94%] |
|    Unused Resources | 709495 [ 97.82%] | 387232 [ 99.50%] | 1552413 [ 98.92%] | 1129 [ 97.08%] | 636 [100.00%] | 5892 [ 99.06%] |
| Top_Kernel          |  15775 [  2.18%] |   1935 [  0.50%] |   16999 [  1.08%] |   34 [  2.92%] |   0 [  0.00%] |   56 [  0.94%] |
|    Top_Kernel_1     |  15775 [  2.18%] |   1935 [  0.50%] |   16999 [  1.08%] |   34 [  2.92%] |   0 [  0.00%] |   56 [  0.94%] |
+---------------------+------------------+------------------+-------------------+----------------+---------------+----------------+


