Copyright 1986-2022 Xilinx, Inc. All Rights Reserved.
------------------------------------------------------------------------------------------
| Tool Version : Vivado v.2022.1 (lin64) Build 3526262 Mon Apr 18 15:47:01 MDT 2022
| Date         : Mon Jun 19 04:22:22 2023
| Host         : HLS03 running 64-bit Ubuntu 20.04.3 LTS
| Command      : report_utilization -slr -file slr_util_routed.rpt -pb slr_util_routed.pb
| Design       : level0_wrapper
| Device       : xcu50-fsvh2104-2-e
| Speed File   : -2
| Design State : Routed
------------------------------------------------------------------------------------------

Utilization Design Information

Table of Contents
-----------------
1. SLR Connectivity
2. SLR Connectivity Matrix
3. SLR CLB Logic and Dedicated Block Utilization
4. SLR IO Utilization

1. SLR Connectivity
-------------------

+----------------------------------+------+-------+-----------+-------+
|                                  | Used | Fixed | Available | Util% |
+----------------------------------+------+-------+-----------+-------+
| SLR1 <-> SLR0                    | 3471 |       |     23040 | 15.07 |
|   SLR0 -> SLR1                   | 1763 |       |           |  7.65 |
|     Using TX_REG only            |    0 |     0 |           |       |
|     Using RX_REG only            |    0 |     0 |           |       |
|     Using Both TX_REG and RX_REG |    0 |     0 |           |       |
|   SLR1 -> SLR0                   | 1708 |       |           |  7.41 |
|     Using TX_REG only            |    0 |     0 |           |       |
|     Using RX_REG only            |    0 |     0 |           |       |
|     Using Both TX_REG and RX_REG |    0 |     0 |           |       |
+----------------------------------+------+-------+-----------+-------+
| Total SLLs Used                  | 3471 |       |           |       |
+----------------------------------+------+-------+-----------+-------+


2. SLR Connectivity Matrix
--------------------------

+-----------+------+------+
| FROM \ TO | SLR1 | SLR0 |
+-----------+------+------+
| SLR1      |    0 | 1708 |
| SLR0      | 1763 |    0 |
+-----------+------+------+


3. SLR CLB Logic and Dedicated Block Utilization
------------------------------------------------

+----------------------------+--------+-------+--------+--------+
|          Site Type         |  SLR0  |  SLR1 | SLR0 % | SLR1 % |
+----------------------------+--------+-------+--------+--------+
| CLB                        |  33807 | 10503 |  61.51 |  19.45 |
|   CLBL                     |  17547 |  5625 |  59.93 |  19.21 |
|   CLBM                     |  16260 |  4878 |  63.32 |  19.73 |
| CLB LUTs                   | 159727 | 57014 |  36.33 |  13.20 |
|   LUT as Logic             | 143435 | 53116 |  32.62 |  12.30 |
|     using O5 output only   |   2856 |   455 |   0.65 |   0.11 |
|     using O6 output only   | 113470 | 41700 |  25.81 |   9.65 |
|     using O5 and O6        |  27109 | 10961 |   6.17 |   2.54 |
|   LUT as Memory            |  16292 |  3898 |   7.93 |   1.97 |
|     LUT as Distributed RAM |   6406 |  2674 |   3.12 |   1.35 |
|       using O5 output only |      0 |     0 |   0.00 |   0.00 |
|       using O6 output only |   1356 |   370 |   0.66 |   0.19 |
|       using O5 and O6      |   5050 |  2304 |   2.46 |   1.17 |
|     LUT as Shift Register  |   9886 |  1224 |   4.81 |   0.62 |
|       using O5 output only |      0 |     0 |   0.00 |   0.00 |
|       using O6 output only |   7619 |  1224 |   3.71 |   0.62 |
|       using O5 and O6      |   2267 |     0 |   1.10 |   0.00 |
| CLB Registers              | 221490 | 52206 |  25.19 |   6.04 |
| CARRY8                     |   6538 |   466 |  11.90 |   0.86 |
| F7 Muxes                   |   1871 |  1062 |   0.85 |   0.49 |
| F8 Muxes                   |    212 |   301 |   0.19 |   0.28 |
| F9 Muxes                   |      0 |     0 |   0.00 |   0.00 |
| Block RAM Tile             |  427.5 |    76 |  63.62 |  11.31 |
|   RAMB36/FIFO              |    422 |    76 |  62.80 |  11.31 |
|     RAMB36E2 only          |    422 |    76 |  62.80 |  11.31 |
|   RAMB18                   |     11 |     0 |   0.82 |   0.00 |
| URAM                       |      4 |     0 |   1.25 |   0.00 |
| DSPs                       |    551 |     0 |  19.13 |   0.00 |
| Unique Control Sets        |   5605 |  2041 |   5.10 |   1.89 |
+----------------------------+--------+-------+--------+--------+
* Note: Available Control Sets based on CLB Registers / 8


4. SLR IO Utilization
---------------------

+-----------+-----------+---------+------------+----------+------------+----------+-----+
| SLR Index | Used IOBs | (%)IOBs | Used IPADs | (%)IPADs | Used OPADs | (%)OPADs | GTs |
+-----------+-----------+---------+------------+----------+------------+----------+-----+
| SLR1      |         7 |    3.37 |          0 |     0.00 |          0 |     0.00 |   0 |
| SLR0      |         3 |    1.44 |          0 |     0.00 |          0 |     0.00 |  16 |
+-----------+-----------+---------+------------+----------+------------+----------+-----+
| Total     |        10 |         |          0 |          |          0 |          |  16 |
+-----------+-----------+---------+------------+----------+------------+----------+-----+


