Copyright 1986-2022 Xilinx, Inc. All Rights Reserved.
-------------------------------------------------------------------------------------------------------------------------------------------------------------------------------
| Tool Version : Vivado v.2022.1 (lin64) Build 3526262 Mon Apr 18 15:47:01 MDT 2022
| Date         : Mon Jun 19 03:51:28 2023
| Host         : HLS03 running 64-bit Ubuntu 20.04.3 LTS
| Command      : report_accelerator_utilization -kernels { Top_Kernel:level0_i/ulp/Top_Kernel_1/inst:Top_Kernel_1} -file kernel_util_placed.rpt -name kernel_util_placed -json
| Design       : level0_wrapper
| Device       : xcu50
| Design State : Fully Placed
-------------------------------------------------------------------------------------------------------------------------------------------------------------------------------

Accelerator Utilization Design Information

Table of Contents
-----------------
1. System Utilization

1. System Utilization
---------------------

+---------------------+------------------+------------------+-------------------+----------------+---------------+----------------+
| Name                | LUT              | LUTAsMem         | REG               | BRAM           | URAM          | DSP            |
+---------------------+------------------+------------------+-------------------+----------------+---------------+----------------+
| Platform            | 126829 [ 14.57%] |  10108 [  2.51%] |  165894 [  9.52%] |  181 [ 13.47%] |   4 [  0.63%] |    4 [  0.07%] |
| User Budget         | 743891 [100.00%] | 392612 [100.00%] | 1577466 [100.00%] | 1163 [100.00%] | 636 [100.00%] | 5948 [100.00%] |
|    Used Resources   |  89915 [ 12.09%] |  10082 [  2.57%] |  107802 [  6.83%] |  322 [ 27.69%] |   0 [  0.00%] |  547 [  9.20%] |
|    Unused Resources | 653976 [ 87.91%] | 382530 [ 97.43%] | 1469664 [ 93.17%] |  841 [ 72.31%] | 636 [100.00%] | 5401 [ 90.80%] |
| Top_Kernel          |  89915 [ 12.09%] |  10082 [  2.57%] |  107802 [  6.83%] |  322 [ 27.69%] |   0 [  0.00%] |  547 [  9.20%] |
|    Top_Kernel_1     |  89915 [ 12.09%] |  10082 [  2.57%] |  107802 [  6.83%] |  322 [ 27.69%] |   0 [  0.00%] |  547 [  9.20%] |
+---------------------+------------------+------------------+-------------------+----------------+---------------+----------------+


