XRT Build Version: 2.13.466 (2022.1)
       Build Date: 2022-04-14 17:43:11
          Hash ID: f5505e402c2ca1ffe45eb6d3a9399b23a0dc8776
Creating a default 'in-memory' xclbin image.

Section: 'BITSTREAM'(0) was successfully added.
Size   : 1557456 bytes
Format : RAW
File   : '/mnt/HLSNAS/04.HPOmGn/m111061549/BeamFormer/geqrf/_x_temp.sw_emu.xilinx_u50_gen3x16_xdma_5_202210_1/link/int/Top_Kernel.so'

Section: 'MEM_TOPOLOGY'(6) was successfully added.
Format : JSON
File   : 'mem_topology'

Section: 'IP_LAYOUT'(8) was successfully added.
Format : JSON
File   : 'ip_layout'

Section: 'CONNECTIVITY'(7) was successfully added.
Format : JSON
File   : 'connectivity'
WARNING: Skipping CLOCK_FREQ_TOPOLOGY section for count size is zero.
WARNING: Section 'CLOCK_FREQ_TOPOLOGY' content is empty.  No data in the given JSON file.

Section: 'CLOCK_FREQ_TOPOLOGY'(11) was empty.  No action taken.
Format : JSON
File   : '/mnt/HLSNAS/04.HPOmGn/m111061549/BeamFormer/geqrf/_x_temp.sw_emu.xilinx_u50_gen3x16_xdma_5_202210_1/link/int/Top_Kernel_xml.rtd'

Section: 'BUILD_METADATA'(14) was successfully added.
Size   : 2424 bytes
Format : JSON
File   : '/mnt/HLSNAS/04.HPOmGn/m111061549/BeamFormer/geqrf/_x_temp.sw_emu.xilinx_u50_gen3x16_xdma_5_202210_1/link/int/Top_Kernel_build.rtd'

Section: 'EMBEDDED_METADATA'(2) was successfully added.
Size   : 2212 bytes
Format : RAW
File   : '/mnt/HLSNAS/04.HPOmGn/m111061549/BeamFormer/geqrf/_x_temp.sw_emu.xilinx_u50_gen3x16_xdma_5_202210_1/link/int/Top_Kernel.xml'

Section: 'SYSTEM_METADATA'(22) was successfully added.
Size   : 12447 bytes
Format : RAW
File   : '/mnt/HLSNAS/04.HPOmGn/m111061549/BeamFormer/geqrf/_x_temp.sw_emu.xilinx_u50_gen3x16_xdma_5_202210_1/link/int/systemDiagramModel.json'

Section: 'PARTITION_METADATA'(20) was successfully appended to.
Format : JSON
File   : 'partition_metadata'

Section: 'IP_LAYOUT'(8) was successfully appended to.
Format : JSON
File   : 'ip_layout'
Successfully wrote (1600387 bytes) to the output file: /mnt/HLSNAS/04.HPOmGn/m111061549/BeamFormer/geqrf/build_dir.sw_emu.xilinx_u50_gen3x16_xdma_5_202210_1/Top_Kernel.xclbin
Leaving xclbinutil.
