Copyright 1986-2022 Xilinx, Inc. All Rights Reserved.
-------------------------------------------------------------------------------------------------------------------------------------------------------------------------------------------
| Tool Version : Vivado v.2022.1 (lin64) Build 3526262 Mon Apr 18 15:47:01 MDT 2022
| Date         : Wed Jun  7 20:01:45 2023
| Host         : HLS04 running 64-bit Ubuntu 20.04.4 LTS
| Command      : report_accelerator_utilization -kernels { kernel_geqrf_0:level0_i/ulp/kernel_geqrf_0_1/inst:kernel_geqrf_0_1} -file kernel_util_placed.rpt -name kernel_util_placed -json
| Design       : level0_wrapper
| Device       : xcu50
| Design State : Fully Placed
-------------------------------------------------------------------------------------------------------------------------------------------------------------------------------------------

Accelerator Utilization Design Information

Table of Contents
-----------------
1. System Utilization

1. System Utilization
---------------------

+---------------------+------------------+------------------+-------------------+----------------+---------------+----------------+
| Name                | LUT              | LUTAsMem         | REG               | BRAM           | URAM          | DSP            |
+---------------------+------------------+------------------+-------------------+----------------+---------------+----------------+
| Platform            | 125947 [ 14.46%] |   9904 [  2.46%] |  164130 [  9.41%] |  181 [ 13.47%] |   4 [  0.63%] |    4 [  0.07%] |
| User Budget         | 744773 [100.00%] | 392816 [100.00%] | 1579230 [100.00%] | 1163 [100.00%] | 636 [100.00%] | 5948 [100.00%] |
|    Used Resources   |  14958 [  2.01%] |   1802 [  0.46%] |   17225 [  1.09%] |   40 [  3.44%] |   0 [  0.00%] |   56 [  0.94%] |
|    Unused Resources | 729815 [ 97.99%] | 391014 [ 99.54%] | 1562005 [ 98.91%] | 1123 [ 96.56%] | 636 [100.00%] | 5892 [ 99.06%] |
| kernel_geqrf_0      |  14958 [  2.01%] |   1802 [  0.46%] |   17225 [  1.09%] |   40 [  3.44%] |   0 [  0.00%] |   56 [  0.94%] |
|    kernel_geqrf_0_1 |  14958 [  2.01%] |   1802 [  0.46%] |   17225 [  1.09%] |   40 [  3.44%] |   0 [  0.00%] |   56 [  0.94%] |
+---------------------+------------------+------------------+-------------------+----------------+---------------+----------------+


