Copyright 1986-2022 Xilinx, Inc. All Rights Reserved.
------------------------------------------------------------------------------------------
| Tool Version : Vivado v.2022.1 (lin64) Build 3526262 Mon Apr 18 15:47:01 MDT 2022
| Date         : Wed Jun  7 20:14:56 2023
| Host         : HLS04 running 64-bit Ubuntu 20.04.4 LTS
| Command      : report_utilization -slr -file slr_util_routed.rpt -pb slr_util_routed.pb
| Design       : level0_wrapper
| Device       : xcu50-fsvh2104-2-e
| Speed File   : -2
| Design State : Routed
------------------------------------------------------------------------------------------

Utilization Design Information

Table of Contents
-----------------
1. SLR Connectivity
2. SLR Connectivity Matrix
3. SLR CLB Logic and Dedicated Block Utilization
4. SLR IO Utilization

1. SLR Connectivity
-------------------

+----------------------------------+------+-------+-----------+-------+
|                                  | Used | Fixed | Available | Util% |
+----------------------------------+------+-------+-----------+-------+
| SLR1 <-> SLR0                    | 3475 |       |     23040 | 15.08 |
|   SLR0 -> SLR1                   | 1765 |       |           |  7.66 |
|     Using TX_REG only            |    0 |     0 |           |       |
|     Using RX_REG only            |    0 |     0 |           |       |
|     Using Both TX_REG and RX_REG |    0 |     0 |           |       |
|   SLR1 -> SLR0                   | 1710 |       |           |  7.42 |
|     Using TX_REG only            |    0 |     0 |           |       |
|     Using RX_REG only            |    0 |     0 |           |       |
|     Using Both TX_REG and RX_REG |    0 |     0 |           |       |
+----------------------------------+------+-------+-----------+-------+
| Total SLLs Used                  | 3475 |       |           |       |
+----------------------------------+------+-------+-----------+-------+


2. SLR Connectivity Matrix
--------------------------

+-----------+------+------+
| FROM \ TO | SLR1 | SLR0 |
+-----------+------+------+
| SLR1      |    0 | 1710 |
| SLR0      | 1765 |    0 |
+-----------+------+------+


3. SLR CLB Logic and Dedicated Block Utilization
------------------------------------------------

+----------------------------+--------+-------+--------+--------+
|          Site Type         |  SLR0  |  SLR1 | SLR0 % | SLR1 % |
+----------------------------+--------+-------+--------+--------+
| CLB                        |  17636 | 10683 |  32.09 |  19.78 |
|   CLBL                     |   9184 |  5731 |  31.37 |  19.57 |
|   CLBM                     |   8452 |  4952 |  32.91 |  20.03 |
| CLB LUTs                   |  83879 | 57024 |  19.08 |  13.20 |
|   LUT as Logic             |  76071 | 53126 |  17.30 |  12.30 |
|     using O5 output only   |   2547 |   456 |   0.58 |   0.11 |
|     using O6 output only   |  52849 | 41714 |  12.02 |   9.66 |
|     using O5 and O6        |  20675 | 10956 |   4.70 |   2.54 |
|   LUT as Memory            |   7808 |  3898 |   3.80 |   1.97 |
|     LUT as Distributed RAM |   3686 |  2674 |   1.79 |   1.35 |
|       using O5 output only |      0 |     0 |   0.00 |   0.00 |
|       using O6 output only |    624 |   370 |   0.30 |   0.19 |
|       using O5 and O6      |   3062 |  2304 |   1.49 |   1.17 |
|     LUT as Shift Register  |   4122 |  1224 |   2.01 |   0.62 |
|       using O5 output only |      0 |     0 |   0.00 |   0.00 |
|       using O6 output only |   2915 |  1224 |   1.42 |   0.62 |
|       using O5 and O6      |   1207 |     0 |   0.59 |   0.00 |
| CLB Registers              | 129148 | 52207 |  14.69 |   6.04 |
| CARRY8                     |   1703 |   466 |   3.10 |   0.86 |
| F7 Muxes                   |   1311 |  1062 |   0.60 |   0.49 |
| F8 Muxes                   |    169 |   301 |   0.15 |   0.28 |
| F9 Muxes                   |      0 |     0 |   0.00 |   0.00 |
| Block RAM Tile             |  145.5 |    76 |  21.65 |  11.31 |
|   RAMB36/FIFO              |    140 |    76 |  20.83 |  11.31 |
|     RAMB36E2 only          |    140 |    76 |  20.83 |  11.31 |
|   RAMB18                   |     11 |     0 |   0.82 |   0.00 |
| URAM                       |      4 |     0 |   1.25 |   0.00 |
| DSPs                       |     60 |     0 |   2.08 |   0.00 |
| Unique Control Sets        |   4643 |  2042 |   4.22 |   1.89 |
+----------------------------+--------+-------+--------+--------+
* Note: Available Control Sets based on CLB Registers / 8


4. SLR IO Utilization
---------------------

+-----------+-----------+---------+------------+----------+------------+----------+-----+
| SLR Index | Used IOBs | (%)IOBs | Used IPADs | (%)IPADs | Used OPADs | (%)OPADs | GTs |
+-----------+-----------+---------+------------+----------+------------+----------+-----+
| SLR1      |         7 |    3.37 |          0 |     0.00 |          0 |     0.00 |   0 |
| SLR0      |         3 |    1.44 |          0 |     0.00 |          0 |     0.00 |  16 |
+-----------+-----------+---------+------------+----------+------------+----------+-----+
| Total     |        10 |         |          0 |          |          0 |          |  16 |
+-----------+-----------+---------+------------+----------+------------+----------+-----+


