

================================================================
== Vitis HLS Report for 'kernel_geqrf_0'
================================================================
* Date:           Wed Jun  7 17:23:42 2023

* Version:        2022.1 (Build 3526262 on Mon Apr 18 15:47:01 MDT 2022)
* Project:        kernel_geqrf_0
* Solution:       solution (Vitis Kernel Flow Target)
* Product family: virtexuplus
* Target device:  xcu50-fsvh2104-2-e


================================================================
== Performance Estimates
================================================================
+ Timing: 
    * Summary: 
    +--------+---------+----------+------------+
    |  Clock |  Target | Estimated| Uncertainty|
    +--------+---------+----------+------------+
    |ap_clk  |  3.33 ns|  2.433 ns|     0.90 ns|
    +--------+---------+----------+------------+

+ Latency: 
    * Summary: 
    +---------+---------+-----------+----------+-------+--------+---------+
    |  Latency (cycles) |  Latency (absolute)  |    Interval    | Pipeline|
    |   min   |   max   |    min    |    max   |  min  |   max  |   Type  |
    +---------+---------+-----------+----------+-------+--------+---------+
    |    21288|   622420|  70.953 us|  2.075 ms|  21289|  622421|       no|
    +---------+---------+-----------+----------+-------+--------+---------+

    + Detail: 
        * Instance: 
        +-------------------------+---------------+---------+---------+-----------+----------+-------+--------+----------+
        |                         |               |  Latency (cycles) |  Latency (absolute)  |    Interval    | Pipeline |
        |         Instance        |     Module    |   min   |   max   |    min    |    max   |  min  |   max  |   Type   |
        +-------------------------+---------------+---------+---------+-----------+----------+-------+--------+----------+
        |grp_pass_dataflow_fu_86  |pass_dataflow  |    21286|   622418|  70.946 us|  2.075 ms|  21217|  622349|  dataflow|
        +-------------------------+---------------+---------+---------+-----------+----------+-------+--------+----------+

        * Loop: 
        N/A



================================================================
== Utilization Estimates
================================================================
* Summary: 
+---------------------+---------+------+---------+--------+-----+
|         Name        | BRAM_18K|  DSP |    FF   |   LUT  | URAM|
+---------------------+---------+------+---------+--------+-----+
|DSP                  |        -|     -|        -|       -|    -|
|Expression           |        -|     -|        0|       6|    -|
|FIFO                 |        -|     -|        -|       -|    -|
|Instance             |       39|    56|    33358|   26481|    0|
|Memory               |        -|     -|        -|       -|    -|
|Multiplexer          |        -|     -|        -|      74|    -|
|Register             |        -|     -|       74|       -|    -|
+---------------------+---------+------+---------+--------+-----+
|Total                |       39|    56|    33432|   26561|    0|
+---------------------+---------+------+---------+--------+-----+
|Available SLR        |     1344|  2976|   871680|  435840|  320|
+---------------------+---------+------+---------+--------+-----+
|Utilization SLR (%)  |        2|     1|        3|       6|    0|
+---------------------+---------+------+---------+--------+-----+
|Available            |     2688|  5952|  1743360|  871680|  640|
+---------------------+---------+------+---------+--------+-----+
|Utilization (%)      |        1|    ~0|        1|       3|    0|
+---------------------+---------+------+---------+--------+-----+

+ Detail: 
    * Instance: 
    +-------------------------+---------------+---------+----+-------+-------+-----+
    |         Instance        |     Module    | BRAM_18K| DSP|   FF  |  LUT  | URAM|
    +-------------------------+---------------+---------+----+-------+-------+-----+
    |control_s_axi_U          |control_s_axi  |        0|   0|    176|    296|    0|
    |gmem0_m_axi_U            |gmem0_m_axi    |        0|   0|   4567|   8001|    0|
    |gmem_m_axi_U             |gmem_m_axi     |        0|   0|   4567|   8001|    0|
    |grp_pass_dataflow_fu_86  |pass_dataflow  |       39|  56|  24048|  10183|    0|
    +-------------------------+---------------+---------+----+-------+-------+-----+
    |Total                    |               |       39|  56|  33358|  26481|    0|
    +-------------------------+---------------+---------+----+-------+-------+-----+

    * DSP: 
    N/A

    * Memory: 
    N/A

    * FIFO: 
    N/A

    * Expression: 
    +------------------------------------------+----------+----+---+----+------------+------------+
    |               Variable Name              | Operation| DSP| FF| LUT| Bitwidth P0| Bitwidth P1|
    +------------------------------------------+----------+----+---+----+------------+------------+
    |ap_block_state1                           |        or|   0|  0|   2|           1|           1|
    |ap_sync_grp_pass_dataflow_fu_86_ap_done   |        or|   0|  0|   2|           1|           1|
    |ap_sync_grp_pass_dataflow_fu_86_ap_ready  |        or|   0|  0|   2|           1|           1|
    +------------------------------------------+----------+----+---+----+------------+------------+
    |Total                                     |          |   0|  0|   6|           3|           3|
    +------------------------------------------+----------+----+---+----+------------+------------+

    * Multiplexer: 
    +---------------+----+-----------+-----+-----------+
    |      Name     | LUT| Input Size| Bits| Total Bits|
    +---------------+----+-----------+-----+-----------+
    |ap_NS_fsm      |  20|          4|    1|          4|
    |ap_done        |   9|          2|    1|          2|
    |gmem0_ARVALID  |   9|          2|    1|          2|
    |gmem0_RREADY   |   9|          2|    1|          2|
    |gmem_AWVALID   |   9|          2|    1|          2|
    |gmem_BREADY    |   9|          2|    1|          2|
    |gmem_WVALID    |   9|          2|    1|          2|
    +---------------+----+-----------+-----+-----------+
    |Total          |  74|         16|    7|         16|
    +---------------+----+-----------+-----+-----------+

    * Register: 
    +----------------------------------------------+----+----+-----+-----------+
    |                     Name                     | FF | LUT| Bits| Const Bits|
    +----------------------------------------------+----+----+-----+-----------+
    |ap_CS_fsm                                     |   3|   0|    3|          0|
    |ap_done_reg                                   |   1|   0|    1|          0|
    |ap_rst_n_inv                                  |   1|   0|    1|          0|
    |ap_rst_reg_1                                  |   1|   0|    1|          0|
    |ap_rst_reg_2                                  |   1|   0|    1|          0|
    |ap_sync_reg_grp_pass_dataflow_fu_86_ap_done   |   1|   0|    1|          0|
    |ap_sync_reg_grp_pass_dataflow_fu_86_ap_ready  |   1|   0|    1|          0|
    |grp_pass_dataflow_fu_86_ap_start_reg          |   1|   0|    1|          0|
    |matrixA_read_reg_115                          |  64|   0|   64|          0|
    +----------------------------------------------+----+----+-----+-----------+
    |Total                                         |  74|   0|   74|          0|
    +----------------------------------------------+----+----+-----+-----------+



================================================================
== Interface
================================================================
* Summary: 
+-----------------------+-----+-----+---------------+----------------+--------------+
|       RTL Ports       | Dir | Bits|    Protocol   |  Source Object |    C Type    |
+-----------------------+-----+-----+---------------+----------------+--------------+
|s_axi_control_AWVALID  |   in|    1|          s_axi|         control|        scalar|
|s_axi_control_AWREADY  |  out|    1|          s_axi|         control|        scalar|
|s_axi_control_AWADDR   |   in|    6|          s_axi|         control|        scalar|
|s_axi_control_WVALID   |   in|    1|          s_axi|         control|        scalar|
|s_axi_control_WREADY   |  out|    1|          s_axi|         control|        scalar|
|s_axi_control_WDATA    |   in|   32|          s_axi|         control|        scalar|
|s_axi_control_WSTRB    |   in|    4|          s_axi|         control|        scalar|
|s_axi_control_ARVALID  |   in|    1|          s_axi|         control|        scalar|
|s_axi_control_ARREADY  |  out|    1|          s_axi|         control|        scalar|
|s_axi_control_ARADDR   |   in|    6|          s_axi|         control|        scalar|
|s_axi_control_RVALID   |  out|    1|          s_axi|         control|        scalar|
|s_axi_control_RREADY   |   in|    1|          s_axi|         control|        scalar|
|s_axi_control_RDATA    |  out|   32|          s_axi|         control|        scalar|
|s_axi_control_RRESP    |  out|    2|          s_axi|         control|        scalar|
|s_axi_control_BVALID   |  out|    1|          s_axi|         control|        scalar|
|s_axi_control_BREADY   |   in|    1|          s_axi|         control|        scalar|
|s_axi_control_BRESP    |  out|    2|          s_axi|         control|        scalar|
|ap_clk                 |   in|    1|  ap_ctrl_chain|  kernel_geqrf_0|  return value|
|ap_rst_n               |   in|    1|  ap_ctrl_chain|  kernel_geqrf_0|  return value|
|interrupt              |  out|    1|  ap_ctrl_chain|  kernel_geqrf_0|  return value|
|m_axi_gmem0_AWVALID    |  out|    1|          m_axi|           gmem0|       pointer|
|m_axi_gmem0_AWREADY    |   in|    1|          m_axi|           gmem0|       pointer|
|m_axi_gmem0_AWADDR     |  out|   64|          m_axi|           gmem0|       pointer|
|m_axi_gmem0_AWID       |  out|    1|          m_axi|           gmem0|       pointer|
|m_axi_gmem0_AWLEN      |  out|    8|          m_axi|           gmem0|       pointer|
|m_axi_gmem0_AWSIZE     |  out|    3|          m_axi|           gmem0|       pointer|
|m_axi_gmem0_AWBURST    |  out|    2|          m_axi|           gmem0|       pointer|
|m_axi_gmem0_AWLOCK     |  out|    2|          m_axi|           gmem0|       pointer|
|m_axi_gmem0_AWCACHE    |  out|    4|          m_axi|           gmem0|       pointer|
|m_axi_gmem0_AWPROT     |  out|    3|          m_axi|           gmem0|       pointer|
|m_axi_gmem0_AWQOS      |  out|    4|          m_axi|           gmem0|       pointer|
|m_axi_gmem0_AWREGION   |  out|    4|          m_axi|           gmem0|       pointer|
|m_axi_gmem0_AWUSER     |  out|    1|          m_axi|           gmem0|       pointer|
|m_axi_gmem0_WVALID     |  out|    1|          m_axi|           gmem0|       pointer|
|m_axi_gmem0_WREADY     |   in|    1|          m_axi|           gmem0|       pointer|
|m_axi_gmem0_WDATA      |  out|  512|          m_axi|           gmem0|       pointer|
|m_axi_gmem0_WSTRB      |  out|   64|          m_axi|           gmem0|       pointer|
|m_axi_gmem0_WLAST      |  out|    1|          m_axi|           gmem0|       pointer|
|m_axi_gmem0_WID        |  out|    1|          m_axi|           gmem0|       pointer|
|m_axi_gmem0_WUSER      |  out|    1|          m_axi|           gmem0|       pointer|
|m_axi_gmem0_ARVALID    |  out|    1|          m_axi|           gmem0|       pointer|
|m_axi_gmem0_ARREADY    |   in|    1|          m_axi|           gmem0|       pointer|
|m_axi_gmem0_ARADDR     |  out|   64|          m_axi|           gmem0|       pointer|
|m_axi_gmem0_ARID       |  out|    1|          m_axi|           gmem0|       pointer|
|m_axi_gmem0_ARLEN      |  out|    8|          m_axi|           gmem0|       pointer|
|m_axi_gmem0_ARSIZE     |  out|    3|          m_axi|           gmem0|       pointer|
|m_axi_gmem0_ARBURST    |  out|    2|          m_axi|           gmem0|       pointer|
|m_axi_gmem0_ARLOCK     |  out|    2|          m_axi|           gmem0|       pointer|
|m_axi_gmem0_ARCACHE    |  out|    4|          m_axi|           gmem0|       pointer|
|m_axi_gmem0_ARPROT     |  out|    3|          m_axi|           gmem0|       pointer|
|m_axi_gmem0_ARQOS      |  out|    4|          m_axi|           gmem0|       pointer|
|m_axi_gmem0_ARREGION   |  out|    4|          m_axi|           gmem0|       pointer|
|m_axi_gmem0_ARUSER     |  out|    1|          m_axi|           gmem0|       pointer|
|m_axi_gmem0_RVALID     |   in|    1|          m_axi|           gmem0|       pointer|
|m_axi_gmem0_RREADY     |  out|    1|          m_axi|           gmem0|       pointer|
|m_axi_gmem0_RDATA      |   in|  512|          m_axi|           gmem0|       pointer|
|m_axi_gmem0_RLAST      |   in|    1|          m_axi|           gmem0|       pointer|
|m_axi_gmem0_RID        |   in|    1|          m_axi|           gmem0|       pointer|
|m_axi_gmem0_RUSER      |   in|    1|          m_axi|           gmem0|       pointer|
|m_axi_gmem0_RRESP      |   in|    2|          m_axi|           gmem0|       pointer|
|m_axi_gmem0_BVALID     |   in|    1|          m_axi|           gmem0|       pointer|
|m_axi_gmem0_BREADY     |  out|    1|          m_axi|           gmem0|       pointer|
|m_axi_gmem0_BRESP      |   in|    2|          m_axi|           gmem0|       pointer|
|m_axi_gmem0_BID        |   in|    1|          m_axi|           gmem0|       pointer|
|m_axi_gmem0_BUSER      |   in|    1|          m_axi|           gmem0|       pointer|
|m_axi_gmem_AWVALID     |  out|    1|          m_axi|            gmem|       pointer|
|m_axi_gmem_AWREADY     |   in|    1|          m_axi|            gmem|       pointer|
|m_axi_gmem_AWADDR      |  out|   64|          m_axi|            gmem|       pointer|
|m_axi_gmem_AWID        |  out|    1|          m_axi|            gmem|       pointer|
|m_axi_gmem_AWLEN       |  out|    8|          m_axi|            gmem|       pointer|
|m_axi_gmem_AWSIZE      |  out|    3|          m_axi|            gmem|       pointer|
|m_axi_gmem_AWBURST     |  out|    2|          m_axi|            gmem|       pointer|
|m_axi_gmem_AWLOCK      |  out|    2|          m_axi|            gmem|       pointer|
|m_axi_gmem_AWCACHE     |  out|    4|          m_axi|            gmem|       pointer|
|m_axi_gmem_AWPROT      |  out|    3|          m_axi|            gmem|       pointer|
|m_axi_gmem_AWQOS       |  out|    4|          m_axi|            gmem|       pointer|
|m_axi_gmem_AWREGION    |  out|    4|          m_axi|            gmem|       pointer|
|m_axi_gmem_AWUSER      |  out|    1|          m_axi|            gmem|       pointer|
|m_axi_gmem_WVALID      |  out|    1|          m_axi|            gmem|       pointer|
|m_axi_gmem_WREADY      |   in|    1|          m_axi|            gmem|       pointer|
|m_axi_gmem_WDATA       |  out|  512|          m_axi|            gmem|       pointer|
|m_axi_gmem_WSTRB       |  out|   64|          m_axi|            gmem|       pointer|
|m_axi_gmem_WLAST       |  out|    1|          m_axi|            gmem|       pointer|
|m_axi_gmem_WID         |  out|    1|          m_axi|            gmem|       pointer|
|m_axi_gmem_WUSER       |  out|    1|          m_axi|            gmem|       pointer|
|m_axi_gmem_ARVALID     |  out|    1|          m_axi|            gmem|       pointer|
|m_axi_gmem_ARREADY     |   in|    1|          m_axi|            gmem|       pointer|
|m_axi_gmem_ARADDR      |  out|   64|          m_axi|            gmem|       pointer|
|m_axi_gmem_ARID        |  out|    1|          m_axi|            gmem|       pointer|
|m_axi_gmem_ARLEN       |  out|    8|          m_axi|            gmem|       pointer|
|m_axi_gmem_ARSIZE      |  out|    3|          m_axi|            gmem|       pointer|
|m_axi_gmem_ARBURST     |  out|    2|          m_axi|            gmem|       pointer|
|m_axi_gmem_ARLOCK      |  out|    2|          m_axi|            gmem|       pointer|
|m_axi_gmem_ARCACHE     |  out|    4|          m_axi|            gmem|       pointer|
|m_axi_gmem_ARPROT      |  out|    3|          m_axi|            gmem|       pointer|
|m_axi_gmem_ARQOS       |  out|    4|          m_axi|            gmem|       pointer|
|m_axi_gmem_ARREGION    |  out|    4|          m_axi|            gmem|       pointer|
|m_axi_gmem_ARUSER      |  out|    1|          m_axi|            gmem|       pointer|
|m_axi_gmem_RVALID      |   in|    1|          m_axi|            gmem|       pointer|
|m_axi_gmem_RREADY      |  out|    1|          m_axi|            gmem|       pointer|
|m_axi_gmem_RDATA       |   in|  512|          m_axi|            gmem|       pointer|
|m_axi_gmem_RLAST       |   in|    1|          m_axi|            gmem|       pointer|
|m_axi_gmem_RID         |   in|    1|          m_axi|            gmem|       pointer|
|m_axi_gmem_RUSER       |   in|    1|          m_axi|            gmem|       pointer|
|m_axi_gmem_RRESP       |   in|    2|          m_axi|            gmem|       pointer|
|m_axi_gmem_BVALID      |   in|    1|          m_axi|            gmem|       pointer|
|m_axi_gmem_BREADY      |  out|    1|          m_axi|            gmem|       pointer|
|m_axi_gmem_BRESP       |   in|    2|          m_axi|            gmem|       pointer|
|m_axi_gmem_BID         |   in|    1|          m_axi|            gmem|       pointer|
|m_axi_gmem_BUSER       |   in|    1|          m_axi|            gmem|       pointer|
+-----------------------+-----+-----+---------------+----------------+--------------+

